<?xml version="1.0" encoding="UTF-8"?>
<robot generator="Robot 7.2.2 (Python 3.10.0 on win32)" generated="2025-04-29T11:32:24.896121" rpa="false" schemaversion="5">
<suite id="s1" name="PH-911 Leave Config" source="C:\Users\Administrator\Desktop\testing madi bitbucket neatly folder\tests_script\PH-911_Leave_Config.robot">
<kw name="Create Now Variable" owner="browser_config" type="SETUP">
<kw name="Get Current Date" owner="DateTime">
<msg time="2025-04-29T11:32:25.133336" level="INFO">${timestamp} = 20250429113225</msg>
<var>${timestamp}</var>
<arg>result_format=%Y%m%d%H%M%S</arg>
<doc>Returns current local or UTC time with an optional increment.</doc>
<status status="PASS" start="2025-04-29T11:32:25.133336" elapsed="0.000000"/>
</kw>
<kw name="Set Suite Variable" owner="BuiltIn">
<msg time="2025-04-29T11:32:25.135338" level="INFO">${now} = 20250429113225</msg>
<arg>${now}</arg>
<arg>${timestamp}</arg>
<doc>Makes a variable available everywhere within the scope of the current suite.</doc>
<status status="PASS" start="2025-04-29T11:32:25.133336" elapsed="0.002002"/>
</kw>
<status status="PASS" start="2025-04-29T11:32:25.132335" elapsed="0.003003"/>
</kw>
<test id="s1-t1" name="Test Check Detail Add Leave type" line="22">
<kw name="Open Browser Madii" owner="browser_config">
<kw name="Open Browser" owner="SeleniumLibrary">
<msg time="2025-04-29T11:32:25.136339" level="INFO">Opening browser 'headlesschrome' to base url 'https://www.madie.ai/LoginWeb'.</msg>
<arg>${URL}</arg>
<arg>${CHROME_BROWSER_HEADLESS}</arg>
<doc>Opens a new browser instance to the optional ``url``.</doc>
<status status="PASS" start="2025-04-29T11:32:25.135338" elapsed="1.887584"/>
</kw>
<kw name="Set Window Size" owner="SeleniumLibrary">
<arg>1920</arg>
<arg>1080</arg>
<doc>Sets current windows size to given ``width`` and ``height``.</doc>
<status status="PASS" start="2025-04-29T11:32:27.022922" elapsed="0.026818"/>
</kw>
<kw name="Maximize Browser Window" owner="SeleniumLibrary">
<doc>Maximizes current browser window.</doc>
<status status="PASS" start="2025-04-29T11:32:27.049740" elapsed="0.015015"/>
</kw>
<status status="PASS" start="2025-04-29T11:32:25.135338" elapsed="1.929417"/>
</kw>
<kw name="Login User 1" owner="action_keyword">
<kw name="S" owner="action_keyword">
<kw name="Sleep" owner="BuiltIn">
<msg time="2025-04-29T11:32:37.073945" level="INFO">Slept 10 seconds.</msg>
<arg>10s</arg>
<doc>Pauses the test executed for the given time.</doc>
<status status="PASS" start="2025-04-29T11:32:27.065755" elapsed="10.008190"/>
</kw>
<status status="PASS" start="2025-04-29T11:32:27.065755" elapsed="10.008190"/>
</kw>
<kw name="Wait Until Element Is Visible" owner="SeleniumLibrary">
<arg>${login_email_field}</arg>
<doc>Waits until the element ``locator`` is visible.</doc>
<status status="PASS" start="2025-04-29T11:32:37.073945" elapsed="0.017016"/>
</kw>
<kw name="Element Should Be Enabled" owner="SeleniumLibrary">
<arg>${login_email_field}</arg>
<doc>Verifies that element identified by ``locator`` is enabled.</doc>
<status status="PASS" start="2025-04-29T11:32:37.091961" elapsed="0.019018"/>
</kw>
<kw name="Press Keys" owner="SeleniumLibrary">
<msg time="2025-04-29T11:32:37.111979" level="INFO">Sending key(s) ('parrybear83@gmail.com',) to xpath=//*[contains(@aria-label, "field_enter_email")] element.</msg>
<msg time="2025-04-29T11:32:37.399240" level="INFO">Sending keys parrybear83@gmail.com</msg>
<arg>${login_email_field}</arg>
<arg>${data_email}</arg>
<doc>Simulates the user pressing key(s) to an element or on the active browser.</doc>
<status status="PASS" start="2025-04-29T11:32:37.111979" elapsed="0.515468"/>
</kw>
<kw name="Sleep" owner="BuiltIn">
<msg time="2025-04-29T11:32:42.633850" level="INFO">Slept 5 seconds.</msg>
<arg>5s</arg>
<doc>Pauses the test executed for the given time.</doc>
<status status="PASS" start="2025-04-29T11:32:37.627447" elapsed="5.006403"/>
</kw>
<kw name="Wait Until Element Is Visible" owner="SeleniumLibrary">
<arg>${login_pass_field}</arg>
<doc>Waits until the element ``locator`` is visible.</doc>
<status status="PASS" start="2025-04-29T11:32:42.633850" elapsed="0.012011"/>
</kw>
<kw name="Press Keys" owner="SeleniumLibrary">
<msg time="2025-04-29T11:32:42.645861" level="INFO">Sending key(s) ('12345',) to xpath=//*[contains(@aria-label, "field_enter_password")] element.</msg>
<msg time="2025-04-29T11:32:42.935432" level="INFO">Sending keys 12345</msg>
<arg>${login_pass_field}</arg>
<arg>${data_password}</arg>
<doc>Simulates the user pressing key(s) to an element or on the active browser.</doc>
<status status="PASS" start="2025-04-29T11:32:42.645861" elapsed="0.360636"/>
</kw>
<kw name="Sleep" owner="BuiltIn">
<msg time="2025-04-29T11:32:48.008210" level="INFO">Slept 5 seconds.</msg>
<arg>5s</arg>
<doc>Pauses the test executed for the given time.</doc>
<status status="PASS" start="2025-04-29T11:32:43.007498" elapsed="5.000712"/>
</kw>
<kw name="Wait Until Element Is Visible" owner="SeleniumLibrary">
<arg>${login_button}</arg>
<doc>Waits until the element ``locator`` is visible.</doc>
<status status="PASS" start="2025-04-29T11:32:48.008210" elapsed="0.010010"/>
</kw>
<kw name="Press Keys" owner="SeleniumLibrary">
<msg time="2025-04-29T11:32:48.019220" level="INFO">Sending key(s) ('ENTER',) to xpath=//*[@aria-label="Log in"] element.</msg>
<msg time="2025-04-29T11:32:48.335501" level="INFO">Pressing special key ENTER to element.</msg>
<msg time="2025-04-29T11:32:48.335501" level="INFO">Releasing special key ENTER.</msg>
<arg>${login_button}</arg>
<arg>ENTER</arg>
<doc>Simulates the user pressing key(s) to an element or on the active browser.</doc>
<status status="PASS" start="2025-04-29T11:32:48.019220" elapsed="0.332296"/>
</kw>
<kw name="S" owner="action_keyword">
<kw name="Sleep" owner="BuiltIn">
<msg time="2025-04-29T11:32:58.363242" level="INFO">Slept 10 seconds.</msg>
<arg>10s</arg>
<doc>Pauses the test executed for the given time.</doc>
<status status="PASS" start="2025-04-29T11:32:48.352517" elapsed="10.010725"/>
</kw>
<status status="PASS" start="2025-04-29T11:32:48.352517" elapsed="10.010725"/>
</kw>
<status status="PASS" start="2025-04-29T11:32:27.065755" elapsed="31.297487"/>
</kw>
<kw name="Settings Go to Leave Type" owner="action_keyword">
<kw name="S" owner="action_keyword">
<kw name="Sleep" owner="BuiltIn">
<msg time="2025-04-29T11:33:08.366076" level="INFO">Slept 10 seconds.</msg>
<arg>10s</arg>
<doc>Pauses the test executed for the given time.</doc>
<status status="PASS" start="2025-04-29T11:32:58.364243" elapsed="10.001833"/>
</kw>
<status status="PASS" start="2025-04-29T11:32:58.364243" elapsed="10.001833"/>
</kw>
<kw name="Wait Until Element Is Visible" owner="SeleniumLibrary">
<arg>${settings_menu}</arg>
<doc>Waits until the element ``locator`` is visible.</doc>
<status status="PASS" start="2025-04-29T11:33:08.366076" elapsed="0.011010"/>
</kw>
<kw name="Press Keys" owner="SeleniumLibrary">
<msg time="2025-04-29T11:33:08.377086" level="INFO">Sending key(s) ('ENTER',) to xpath=//*[contains(@aria-label, "main_menu_Settings
Setting")] element.</msg>
<msg time="2025-04-29T11:33:08.652841" level="INFO">Pressing special key ENTER to element.</msg>
<msg time="2025-04-29T11:33:08.652841" level="INFO">Releasing special key ENTER.</msg>
<arg>${settings_menu}</arg>
<arg>ENTER</arg>
<doc>Simulates the user pressing key(s) to an element or on the active browser.</doc>
<status status="PASS" start="2025-04-29T11:33:08.377086" elapsed="0.303781"/>
</kw>
<kw name="S" owner="action_keyword">
<kw name="Sleep" owner="BuiltIn">
<msg time="2025-04-29T11:33:18.695829" level="INFO">Slept 10 seconds.</msg>
<arg>10s</arg>
<doc>Pauses the test executed for the given time.</doc>
<status status="PASS" start="2025-04-29T11:33:08.680867" elapsed="10.014962"/>
</kw>
<status status="PASS" start="2025-04-29T11:33:08.680867" elapsed="10.014962"/>
</kw>
<kw name="Wait Until Element Is Visible" owner="SeleniumLibrary">
<arg>${leave_type_menu}</arg>
<doc>Waits until the element ``locator`` is visible.</doc>
<status status="PASS" start="2025-04-29T11:33:18.695829" elapsed="0.011010"/>
</kw>
<kw name="Press Keys" owner="SeleniumLibrary">
<msg time="2025-04-29T11:33:18.706839" level="INFO">Sending key(s) ('ENTER',) to xpath=//*[contains(@aria-label, "sub_menu_Settings
Leave Type")] element.</msg>
<msg time="2025-04-29T11:33:19.148229" level="INFO">Pressing special key ENTER to element.</msg>
<msg time="2025-04-29T11:33:19.148229" level="INFO">Releasing special key ENTER.</msg>
<arg>${leave_type_menu}</arg>
<arg>ENTER</arg>
<doc>Simulates the user pressing key(s) to an element or on the active browser.</doc>
<status status="PASS" start="2025-04-29T11:33:18.706839" elapsed="0.574511"/>
</kw>
<kw name="S" owner="action_keyword">
<kw name="Sleep" owner="BuiltIn">
<msg time="2025-04-29T11:33:29.295217" level="INFO">Slept 10 seconds.</msg>
<arg>10s</arg>
<doc>Pauses the test executed for the given time.</doc>
<status status="PASS" start="2025-04-29T11:33:19.282350" elapsed="10.012867"/>
</kw>
<status status="PASS" start="2025-04-29T11:33:19.282350" elapsed="10.012867"/>
</kw>
<status status="PASS" start="2025-04-29T11:32:58.363242" elapsed="30.931975"/>
</kw>
<kw name="Click Element" owner="SeleniumLibrary">
<msg time="2025-04-29T11:33:29.296218" level="INFO">Clicking element 'xpath=//*[contains(@aria-label, "add_leave_config")]'.</msg>
<arg>${add_leave_type}</arg>
<doc>Click the element identified by ``locator``.</doc>
<status status="PASS" start="2025-04-29T11:33:29.295217" elapsed="0.097088"/>
</kw>
<kw name="S" owner="action_keyword">
<kw name="Sleep" owner="BuiltIn">
<msg time="2025-04-29T11:33:39.401648" level="INFO">Slept 10 seconds.</msg>
<arg>10s</arg>
<doc>Pauses the test executed for the given time.</doc>
<status status="PASS" start="2025-04-29T11:33:29.393306" elapsed="10.008342"/>
</kw>
<status status="PASS" start="2025-04-29T11:33:29.392305" elapsed="10.009343"/>
</kw>
<kw name="Check Element on Leave Configuration" owner="checkelement_keyword">
<kw name="Page Should Contain Element" owner="SeleniumLibrary">
<msg time="2025-04-29T11:33:39.408654" level="INFO">Current page contains element 'xpath=//*[contains(@aria-label, "text_field_leave_type_name")]'.</msg>
<arg>${leave_field}</arg>
<doc>Verifies that element ``locator`` is found on the current page.</doc>
<status status="PASS" start="2025-04-29T11:33:39.401648" elapsed="0.007006"/>
</kw>
<kw name="Page Should Contain Element" owner="SeleniumLibrary">
<msg time="2025-04-29T11:33:39.414659" level="INFO">Current page contains element 'xpath=//*[@aria-label="text_field_leave_description"]'.</msg>
<arg>${leave_description_field}</arg>
<doc>Verifies that element ``locator`` is found on the current page.</doc>
<status status="PASS" start="2025-04-29T11:33:39.408654" elapsed="0.006005"/>
</kw>
<kw name="Page Should Contain Element" owner="SeleniumLibrary">
<msg time="2025-04-29T11:33:39.420665" level="INFO">Current page contains element 'xpath=//*[contains(@aria-label, "text_field_max_days")]'.</msg>
<arg>${maxday_allowed_field}</arg>
<doc>Verifies that element ``locator`` is found on the current page.</doc>
<status status="PASS" start="2025-04-29T11:33:39.415660" elapsed="0.006007"/>
</kw>
<kw name="Page Should Contain Element" owner="SeleniumLibrary">
<msg time="2025-04-29T11:33:39.427671" level="INFO">Current page contains element 'xpath=//*[contains(@aria-label, "leave_request_select_approve")][1]'.</msg>
<arg>${select_approver}</arg>
<doc>Verifies that element ``locator`` is found on the current page.</doc>
<status status="PASS" start="2025-04-29T11:33:39.421667" elapsed="0.006004"/>
</kw>
<status status="PASS" start="2025-04-29T11:33:39.401648" elapsed="0.026023"/>
</kw>
<kw name="Scroll and Wait" owner="action_keyword">
<kw name="Set Variable" owner="BuiltIn">
<msg time="2025-04-29T11:33:39.428672" level="INFO">${counter} = 0</msg>
<var>${counter}</var>
<arg>0</arg>
<doc>Returns the given values which can then be assigned to a variables.</doc>
<status status="PASS" start="2025-04-29T11:33:39.428672" elapsed="0.000000"/>
</kw>
<while condition="True">
<iter>
<kw name="Scroll Element Into View" owner="SeleniumLibrary">
<arg>${locator}</arg>
<doc>Scrolls the element identified by ``locator`` into view.</doc>
<status status="PASS" start="2025-04-29T11:33:39.428672" elapsed="0.269080"/>
</kw>
<kw name="Sleep" owner="BuiltIn">
<msg time="2025-04-29T11:33:40.207303" level="INFO">Slept 500 milliseconds.</msg>
<arg>0.5s</arg>
<doc>Pauses the test executed for the given time.</doc>
<status status="PASS" start="2025-04-29T11:33:39.697752" elapsed="0.509551"/>
</kw>
<kw name="Evaluate" owner="BuiltIn">
<msg time="2025-04-29T11:33:40.207303" level="INFO">${counter} = 1</msg>
<var>${counter}</var>
<arg>${counter} + 1</arg>
<doc>Evaluates the given expression in Python and returns the result.</doc>
<status status="PASS" start="2025-04-29T11:33:40.207303" elapsed="0.000000"/>
</kw>
<kw name="Log To Console" owner="BuiltIn">
<arg>🔁 Scroll attempt: ${counter}</arg>
<doc>Logs the given message to the console.</doc>
<status status="PASS" start="2025-04-29T11:33:40.208304" elapsed="0.000000"/>
</kw>
<kw name="Run Keyword And Return Status" owner="BuiltIn">
<kw name="Element Should Be Enabled" owner="SeleniumLibrary">
<arg>${locator}</arg>
<doc>Verifies that element identified by ``locator`` is enabled.</doc>
<status status="PASS" start="2025-04-29T11:33:40.209305" elapsed="0.015014"/>
</kw>
<msg time="2025-04-29T11:33:40.224319" level="INFO">${is_ready} = True</msg>
<var>${is_ready}</var>
<arg>Element Should Be Enabled</arg>
<arg>${locator}</arg>
<doc>Runs the given keyword with given arguments and returns the status as a Boolean value.</doc>
<status status="PASS" start="2025-04-29T11:33:40.208304" elapsed="0.016015"/>
</kw>
<kw name="Run Keyword And Return Status" owner="BuiltIn">
<kw name="Element Should Be Visible" owner="SeleniumLibrary">
<msg time="2025-04-29T11:33:40.236330" level="INFO">Element 'xpath=//*[contains(@aria-label, "button_back
")]' is displayed.</msg>
<arg>${locator}</arg>
<doc>Verifies that the element identified by ``locator`` is visible.</doc>
<status status="PASS" start="2025-04-29T11:33:40.225320" elapsed="0.011010"/>
</kw>
<msg time="2025-04-29T11:33:40.236330" level="INFO">${is_visible} = True</msg>
<var>${is_visible}</var>
<arg>Element Should Be Visible</arg>
<arg>${locator}</arg>
<doc>Runs the given keyword with given arguments and returns the status as a Boolean value.</doc>
<status status="PASS" start="2025-04-29T11:33:40.225320" elapsed="0.011010"/>
</kw>
<kw name="Run Keyword If" owner="BuiltIn">
<kw name="Log To Console" owner="BuiltIn">
<arg>✅ Found ${ locator} and ready after ${counter} scrolls</arg>
<doc>Logs the given message to the console.</doc>
<status status="PASS" start="2025-04-29T11:33:40.236330" elapsed="0.001001"/>
</kw>
<arg>${is_visible} and ${is_ready}</arg>
<arg>Log To Console</arg>
<arg>✅ Found ${ locator} and ready after ${counter} scrolls</arg>
<doc>Runs the given keyword with the given arguments, if ``condition`` is true.</doc>
<status status="PASS" start="2025-04-29T11:33:40.236330" elapsed="0.001001"/>
</kw>
<kw name="Run Keyword If" owner="BuiltIn">
<kw name="Exit For Loop" owner="BuiltIn">
<msg time="2025-04-29T11:33:40.237331" level="INFO">Exiting for loop altogether.</msg>
<doc>Stops executing the enclosing FOR loop.</doc>
<status status="PASS" start="2025-04-29T11:33:40.237331" elapsed="0.000000"/>
</kw>
<arg>${is_visible} and ${is_ready}</arg>
<arg>Exit For Loop</arg>
<doc>Runs the given keyword with the given arguments, if ``condition`` is true.</doc>
<status status="PASS" start="2025-04-29T11:33:40.237331" elapsed="0.000000"/>
</kw>
<status status="PASS" start="2025-04-29T11:33:39.428672" elapsed="0.809660"/>
</iter>
<status status="PASS" start="2025-04-29T11:33:39.428672" elapsed="0.809660"/>
</while>
<arg>${back2}</arg>
<status status="PASS" start="2025-04-29T11:33:39.427671" elapsed="0.810661"/>
</kw>
<kw name="S" owner="action_keyword">
<kw name="Sleep" owner="BuiltIn">
<msg time="2025-04-29T11:33:50.245815" level="INFO">Slept 10 seconds.</msg>
<arg>10s</arg>
<doc>Pauses the test executed for the given time.</doc>
<status status="PASS" start="2025-04-29T11:33:40.238332" elapsed="10.007483"/>
</kw>
<status status="PASS" start="2025-04-29T11:33:40.238332" elapsed="10.007483"/>
</kw>
<kw name="Click Element" owner="SeleniumLibrary">
<msg time="2025-04-29T11:33:50.245815" level="INFO">Clicking element 'xpath=//*[contains(@aria-label, "button_back
")]'.</msg>
<arg>${back2}</arg>
<doc>Click the element identified by ``locator``.</doc>
<status status="PASS" start="2025-04-29T11:33:50.245815" elapsed="0.171434"/>
</kw>
<kw name="S" owner="action_keyword">
<kw name="Sleep" owner="BuiltIn">
<msg time="2025-04-29T11:34:00.431896" level="INFO">Slept 10 seconds.</msg>
<arg>10s</arg>
<doc>Pauses the test executed for the given time.</doc>
<status status="PASS" start="2025-04-29T11:33:50.418250" elapsed="10.013646"/>
</kw>
<status status="PASS" start="2025-04-29T11:33:50.418250" elapsed="10.013646"/>
</kw>
<kw name="Close Browser" owner="SeleniumLibrary">
<doc>Closes the current browser.</doc>
<status status="PASS" start="2025-04-29T11:34:00.431896" elapsed="2.116798"/>
</kw>
<status status="PASS" start="2025-04-29T11:32:25.135338" elapsed="97.413356"/>
</test>
<test id="s1-t2" name="Test Toggle Actice/Inactive" line="37">
<kw name="Open Browser Madii" owner="browser_config">
<kw name="Open Browser" owner="SeleniumLibrary">
<msg time="2025-04-29T11:34:02.549696" level="INFO">Opening browser 'headlesschrome' to base url 'https://www.madie.ai/LoginWeb'.</msg>
<arg>${URL}</arg>
<arg>${CHROME_BROWSER_HEADLESS}</arg>
<doc>Opens a new browser instance to the optional ``url``.</doc>
<status status="PASS" start="2025-04-29T11:34:02.549696" elapsed="1.636474"/>
</kw>
<kw name="Set Window Size" owner="SeleniumLibrary">
<arg>1920</arg>
<arg>1080</arg>
<doc>Sets current windows size to given ``width`` and ``height``.</doc>
<status status="PASS" start="2025-04-29T11:34:04.187171" elapsed="0.022020"/>
</kw>
<kw name="Maximize Browser Window" owner="SeleniumLibrary">
<doc>Maximizes current browser window.</doc>
<status status="PASS" start="2025-04-29T11:34:04.209191" elapsed="0.016019"/>
</kw>
<status status="PASS" start="2025-04-29T11:34:02.549696" elapsed="1.675514"/>
</kw>
<kw name="Login User 1" owner="action_keyword">
<kw name="S" owner="action_keyword">
<kw name="Sleep" owner="BuiltIn">
<msg time="2025-04-29T11:34:14.238240" level="INFO">Slept 10 seconds.</msg>
<arg>10s</arg>
<doc>Pauses the test executed for the given time.</doc>
<status status="PASS" start="2025-04-29T11:34:04.226211" elapsed="10.012029"/>
</kw>
<status status="PASS" start="2025-04-29T11:34:04.226211" elapsed="10.012029"/>
</kw>
<kw name="Wait Until Element Is Visible" owner="SeleniumLibrary">
<arg>${login_email_field}</arg>
<doc>Waits until the element ``locator`` is visible.</doc>
<status status="PASS" start="2025-04-29T11:34:14.238240" elapsed="0.015014"/>
</kw>
<kw name="Element Should Be Enabled" owner="SeleniumLibrary">
<arg>${login_email_field}</arg>
<doc>Verifies that element identified by ``locator`` is enabled.</doc>
<status status="PASS" start="2025-04-29T11:34:14.253254" elapsed="0.015013"/>
</kw>
<kw name="Press Keys" owner="SeleniumLibrary">
<msg time="2025-04-29T11:34:14.269268" level="INFO">Sending key(s) ('parrybear83@gmail.com',) to xpath=//*[contains(@aria-label, "field_enter_email")] element.</msg>
<msg time="2025-04-29T11:34:14.564901" level="INFO">Sending keys parrybear83@gmail.com</msg>
<arg>${login_email_field}</arg>
<arg>${data_email}</arg>
<doc>Simulates the user pressing key(s) to an element or on the active browser.</doc>
<status status="PASS" start="2025-04-29T11:34:14.268267" elapsed="0.520838"/>
</kw>
<kw name="Sleep" owner="BuiltIn">
<msg time="2025-04-29T11:34:19.793406" level="INFO">Slept 5 seconds.</msg>
<arg>5s</arg>
<doc>Pauses the test executed for the given time.</doc>
<status status="PASS" start="2025-04-29T11:34:14.789105" elapsed="5.004301"/>
</kw>
<kw name="Wait Until Element Is Visible" owner="SeleniumLibrary">
<arg>${login_pass_field}</arg>
<doc>Waits until the element ``locator`` is visible.</doc>
<status status="PASS" start="2025-04-29T11:34:19.793406" elapsed="0.012011"/>
</kw>
<kw name="Press Keys" owner="SeleniumLibrary">
<msg time="2025-04-29T11:34:19.806418" level="INFO">Sending key(s) ('12345',) to xpath=//*[contains(@aria-label, "field_enter_password")] element.</msg>
<msg time="2025-04-29T11:34:20.089416" level="INFO">Sending keys 12345</msg>
<arg>${login_pass_field}</arg>
<arg>${data_password}</arg>
<doc>Simulates the user pressing key(s) to an element or on the active browser.</doc>
<status status="PASS" start="2025-04-29T11:34:19.806418" elapsed="0.341050"/>
</kw>
<kw name="Sleep" owner="BuiltIn">
<msg time="2025-04-29T11:34:25.155389" level="INFO">Slept 5 seconds.</msg>
<arg>5s</arg>
<doc>Pauses the test executed for the given time.</doc>
<status status="PASS" start="2025-04-29T11:34:20.147468" elapsed="5.007921"/>
</kw>
<kw name="Wait Until Element Is Visible" owner="SeleniumLibrary">
<arg>${login_button}</arg>
<doc>Waits until the element ``locator`` is visible.</doc>
<status status="PASS" start="2025-04-29T11:34:25.155389" elapsed="0.010011"/>
</kw>
<kw name="Press Keys" owner="SeleniumLibrary">
<msg time="2025-04-29T11:34:25.165400" level="INFO">Sending key(s) ('ENTER',) to xpath=//*[@aria-label="Log in"] element.</msg>
<msg time="2025-04-29T11:34:25.493304" level="INFO">Pressing special key ENTER to element.</msg>
<msg time="2025-04-29T11:34:25.493304" level="INFO">Releasing special key ENTER.</msg>
<arg>${login_button}</arg>
<arg>ENTER</arg>
<doc>Simulates the user pressing key(s) to an element or on the active browser.</doc>
<status status="PASS" start="2025-04-29T11:34:25.165400" elapsed="0.334910"/>
</kw>
<kw name="S" owner="action_keyword">
<kw name="Sleep" owner="BuiltIn">
<msg time="2025-04-29T11:34:35.506151" level="INFO">Slept 10 seconds.</msg>
<arg>10s</arg>
<doc>Pauses the test executed for the given time.</doc>
<status status="PASS" start="2025-04-29T11:34:25.500310" elapsed="10.005841"/>
</kw>
<status status="PASS" start="2025-04-29T11:34:25.500310" elapsed="10.005841"/>
</kw>
<status status="PASS" start="2025-04-29T11:34:04.225210" elapsed="31.280941"/>
</kw>
<kw name="Settings Go to Leave Type" owner="action_keyword">
<kw name="S" owner="action_keyword">
<kw name="Sleep" owner="BuiltIn">
<msg time="2025-04-29T11:34:45.521445" level="INFO">Slept 10 seconds.</msg>
<arg>10s</arg>
<doc>Pauses the test executed for the given time.</doc>
<status status="PASS" start="2025-04-29T11:34:35.507153" elapsed="10.014292"/>
</kw>
<status status="PASS" start="2025-04-29T11:34:35.507153" elapsed="10.014292"/>
</kw>
<kw name="Wait Until Element Is Visible" owner="SeleniumLibrary">
<arg>${settings_menu}</arg>
<doc>Waits until the element ``locator`` is visible.</doc>
<status status="PASS" start="2025-04-29T11:34:45.521445" elapsed="0.011010"/>
</kw>
<kw name="Press Keys" owner="SeleniumLibrary">
<msg time="2025-04-29T11:34:45.532455" level="INFO">Sending key(s) ('ENTER',) to xpath=//*[contains(@aria-label, "main_menu_Settings
Setting")] element.</msg>
<msg time="2025-04-29T11:34:45.827299" level="INFO">Pressing special key ENTER to element.</msg>
<msg time="2025-04-29T11:34:45.828300" level="INFO">Releasing special key ENTER.</msg>
<arg>${settings_menu}</arg>
<arg>ENTER</arg>
<doc>Simulates the user pressing key(s) to an element or on the active browser.</doc>
<status status="PASS" start="2025-04-29T11:34:45.532455" elapsed="0.300849"/>
</kw>
<kw name="S" owner="action_keyword">
<kw name="Sleep" owner="BuiltIn">
<msg time="2025-04-29T11:34:55.840540" level="INFO">Slept 10 seconds.</msg>
<arg>10s</arg>
<doc>Pauses the test executed for the given time.</doc>
<status status="PASS" start="2025-04-29T11:34:45.834305" elapsed="10.006235"/>
</kw>
<status status="PASS" start="2025-04-29T11:34:45.833304" elapsed="10.007236"/>
</kw>
<kw name="Wait Until Element Is Visible" owner="SeleniumLibrary">
<arg>${leave_type_menu}</arg>
<doc>Waits until the element ``locator`` is visible.</doc>
<status status="PASS" start="2025-04-29T11:34:55.840540" elapsed="0.010010"/>
</kw>
<kw name="Press Keys" owner="SeleniumLibrary">
<msg time="2025-04-29T11:34:55.851550" level="INFO">Sending key(s) ('ENTER',) to xpath=//*[contains(@aria-label, "sub_menu_Settings
Leave Type")] element.</msg>
<msg time="2025-04-29T11:34:56.120655" level="INFO">Pressing special key ENTER to element.</msg>
<msg time="2025-04-29T11:34:56.120655" level="INFO">Releasing special key ENTER.</msg>
<arg>${leave_type_menu}</arg>
<arg>ENTER</arg>
<doc>Simulates the user pressing key(s) to an element or on the active browser.</doc>
<status status="PASS" start="2025-04-29T11:34:55.851550" elapsed="0.496311"/>
</kw>
<kw name="S" owner="action_keyword">
<kw name="Sleep" owner="BuiltIn">
<msg time="2025-04-29T11:35:06.355715" level="INFO">Slept 10 seconds.</msg>
<arg>10s</arg>
<doc>Pauses the test executed for the given time.</doc>
<status status="PASS" start="2025-04-29T11:34:56.348862" elapsed="10.006853"/>
</kw>
<status status="PASS" start="2025-04-29T11:34:56.348862" elapsed="10.006853"/>
</kw>
<status status="PASS" start="2025-04-29T11:34:35.506151" elapsed="30.849564"/>
</kw>
<kw name="S" owner="action_keyword">
<kw name="Sleep" owner="BuiltIn">
<msg time="2025-04-29T11:35:16.361539" level="INFO">Slept 10 seconds.</msg>
<arg>10s</arg>
<doc>Pauses the test executed for the given time.</doc>
<status status="PASS" start="2025-04-29T11:35:06.356716" elapsed="10.004823"/>
</kw>
<status status="PASS" start="2025-04-29T11:35:06.355715" elapsed="10.005824"/>
</kw>
<kw name="Search" owner="action_keyword">
<kw name="Wait Until Element Is Visible" owner="SeleniumLibrary">
<arg>xpath=//*[contains(@aria-label, "Search")]</arg>
<doc>Waits until the element ``locator`` is visible.</doc>
<status status="PASS" start="2025-04-29T11:35:16.362540" elapsed="0.010009"/>
</kw>
<kw name="Press Keys" owner="SeleniumLibrary">
<msg time="2025-04-29T11:35:16.373550" level="INFO">Sending key(s) ('การลาสำหรับศาสนา',) to xpath=//*[contains(@aria-label, "Search")] element.</msg>
<msg time="2025-04-29T11:35:16.665415" level="INFO">Sending keys การลาสำหรับศาสนา</msg>
<arg>xpath=//*[contains(@aria-label, "Search")]</arg>
<arg>${word}</arg>
<doc>Simulates the user pressing key(s) to an element or on the active browser.</doc>
<status status="PASS" start="2025-04-29T11:35:16.372549" elapsed="0.487043"/>
</kw>
<arg>การลาสำหรับศาสนา</arg>
<status status="PASS" start="2025-04-29T11:35:16.361539" elapsed="0.498053"/>
</kw>
<kw name="S" owner="action_keyword">
<kw name="Sleep" owner="BuiltIn">
<msg time="2025-04-29T11:35:26.863351" level="INFO">Slept 10 seconds.</msg>
<arg>10s</arg>
<doc>Pauses the test executed for the given time.</doc>
<status status="PASS" start="2025-04-29T11:35:16.860592" elapsed="10.002759"/>
</kw>
<status status="PASS" start="2025-04-29T11:35:16.859592" elapsed="10.003759"/>
</kw>
<kw name="Scroll and Wait" owner="action_keyword">
<kw name="Set Variable" owner="BuiltIn">
<msg time="2025-04-29T11:35:26.865353" level="INFO">${counter} = 0</msg>
<var>${counter}</var>
<arg>0</arg>
<doc>Returns the given values which can then be assigned to a variables.</doc>
<status status="PASS" start="2025-04-29T11:35:26.864352" elapsed="0.001001"/>
</kw>
<while condition="True">
<iter>
<kw name="Scroll Element Into View" owner="SeleniumLibrary">
<arg>${locator}</arg>
<doc>Scrolls the element identified by ``locator`` into view.</doc>
<status status="PASS" start="2025-04-29T11:35:26.865353" elapsed="0.282921"/>
</kw>
<kw name="Sleep" owner="BuiltIn">
<msg time="2025-04-29T11:35:27.651834" level="INFO">Slept 500 milliseconds.</msg>
<arg>0.5s</arg>
<doc>Pauses the test executed for the given time.</doc>
<status status="PASS" start="2025-04-29T11:35:27.149276" elapsed="0.502558"/>
</kw>
<kw name="Evaluate" owner="BuiltIn">
<msg time="2025-04-29T11:35:27.651834" level="INFO">${counter} = 1</msg>
<var>${counter}</var>
<arg>${counter} + 1</arg>
<doc>Evaluates the given expression in Python and returns the result.</doc>
<status status="PASS" start="2025-04-29T11:35:27.651834" elapsed="0.000000"/>
</kw>
<kw name="Log To Console" owner="BuiltIn">
<arg>🔁 Scroll attempt: ${counter}</arg>
<doc>Logs the given message to the console.</doc>
<status status="PASS" start="2025-04-29T11:35:27.651834" elapsed="0.001001"/>
</kw>
<kw name="Run Keyword And Return Status" owner="BuiltIn">
<kw name="Element Should Be Enabled" owner="SeleniumLibrary">
<arg>${locator}</arg>
<doc>Verifies that element identified by ``locator`` is enabled.</doc>
<status status="PASS" start="2025-04-29T11:35:27.652835" elapsed="0.015014"/>
</kw>
<msg time="2025-04-29T11:35:27.667849" level="INFO">${is_ready} = True</msg>
<var>${is_ready}</var>
<arg>Element Should Be Enabled</arg>
<arg>${locator}</arg>
<doc>Runs the given keyword with given arguments and returns the status as a Boolean value.</doc>
<status status="PASS" start="2025-04-29T11:35:27.652835" elapsed="0.015014"/>
</kw>
<kw name="Run Keyword And Return Status" owner="BuiltIn">
<kw name="Element Should Be Visible" owner="SeleniumLibrary">
<msg time="2025-04-29T11:35:27.676857" level="INFO">Element 'xpath=//*[contains(@aria-label, "การลาสำหรับศาสนา")]' is displayed.</msg>
<arg>${locator}</arg>
<doc>Verifies that the element identified by ``locator`` is visible.</doc>
<status status="PASS" start="2025-04-29T11:35:27.668850" elapsed="0.008007"/>
</kw>
<msg time="2025-04-29T11:35:27.676857" level="INFO">${is_visible} = True</msg>
<var>${is_visible}</var>
<arg>Element Should Be Visible</arg>
<arg>${locator}</arg>
<doc>Runs the given keyword with given arguments and returns the status as a Boolean value.</doc>
<status status="PASS" start="2025-04-29T11:35:27.668850" elapsed="0.008007"/>
</kw>
<kw name="Run Keyword If" owner="BuiltIn">
<kw name="Log To Console" owner="BuiltIn">
<arg>✅ Found ${ locator} and ready after ${counter} scrolls</arg>
<doc>Logs the given message to the console.</doc>
<status status="PASS" start="2025-04-29T11:35:27.677858" elapsed="0.000000"/>
</kw>
<arg>${is_visible} and ${is_ready}</arg>
<arg>Log To Console</arg>
<arg>✅ Found ${ locator} and ready after ${counter} scrolls</arg>
<doc>Runs the given keyword with the given arguments, if ``condition`` is true.</doc>
<status status="PASS" start="2025-04-29T11:35:27.676857" elapsed="0.001001"/>
</kw>
<kw name="Run Keyword If" owner="BuiltIn">
<kw name="Exit For Loop" owner="BuiltIn">
<msg time="2025-04-29T11:35:27.678859" level="INFO">Exiting for loop altogether.</msg>
<doc>Stops executing the enclosing FOR loop.</doc>
<status status="PASS" start="2025-04-29T11:35:27.678859" elapsed="0.000000"/>
</kw>
<arg>${is_visible} and ${is_ready}</arg>
<arg>Exit For Loop</arg>
<doc>Runs the given keyword with the given arguments, if ``condition`` is true.</doc>
<status status="PASS" start="2025-04-29T11:35:27.677858" elapsed="0.001001"/>
</kw>
<status status="PASS" start="2025-04-29T11:35:26.865353" elapsed="0.813506"/>
</iter>
<status status="PASS" start="2025-04-29T11:35:26.865353" elapsed="0.813506"/>
</while>
<arg>xpath=//*[contains(@aria-label, "การลาสำหรับศาสนา")]</arg>
<status status="PASS" start="2025-04-29T11:35:26.864352" elapsed="0.814507"/>
</kw>
<kw name="Sleep" owner="BuiltIn">
<msg time="2025-04-29T11:35:32.683299" level="INFO">Slept 5 seconds.</msg>
<arg>5s</arg>
<doc>Pauses the test executed for the given time.</doc>
<status status="PASS" start="2025-04-29T11:35:27.678859" elapsed="5.004440"/>
</kw>
<kw name="Click Element" owner="SeleniumLibrary">
<msg time="2025-04-29T11:35:32.683299" level="INFO">Clicking element 'xpath=//*[contains(@aria-label, "การลาสำหรับศาสนา")]'.</msg>
<arg>xpath=//*[contains(@aria-label, "การลาสำหรับศาสนา")]</arg>
<doc>Click the element identified by ``locator``.</doc>
<status status="PASS" start="2025-04-29T11:35:32.683299" elapsed="0.041039"/>
</kw>
<kw name="S" owner="action_keyword">
<kw name="Sleep" owner="BuiltIn">
<msg time="2025-04-29T11:35:42.738133" level="INFO">Slept 10 seconds.</msg>
<arg>10s</arg>
<doc>Pauses the test executed for the given time.</doc>
<status status="PASS" start="2025-04-29T11:35:32.725339" elapsed="10.012794"/>
</kw>
<status status="PASS" start="2025-04-29T11:35:32.725339" elapsed="10.012794"/>
</kw>
<kw name="Wait Until Element Is Visible" owner="SeleniumLibrary">
<arg>${toggle}</arg>
<doc>Waits until the element ``locator`` is visible.</doc>
<status status="PASS" start="2025-04-29T11:35:42.738133" elapsed="0.010009"/>
</kw>
<kw name="Click Element" owner="SeleniumLibrary">
<msg time="2025-04-29T11:35:42.749143" level="INFO">Clicking element 'xpath=//*[contains(@aria-label, "toggle")]'.</msg>
<arg>${toggle}</arg>
<doc>Click the element identified by ``locator``.</doc>
<status status="PASS" start="2025-04-29T11:35:42.749143" elapsed="0.039035"/>
</kw>
<kw name="S" owner="action_keyword">
<kw name="Sleep" owner="BuiltIn">
<msg time="2025-04-29T11:35:52.795441" level="INFO">Slept 10 seconds.</msg>
<arg>10s</arg>
<doc>Pauses the test executed for the given time.</doc>
<status status="PASS" start="2025-04-29T11:35:42.789180" elapsed="10.006261"/>
</kw>
<status status="PASS" start="2025-04-29T11:35:42.788178" elapsed="10.007263"/>
</kw>
<kw name="Scroll and Wait" owner="action_keyword">
<kw name="Set Variable" owner="BuiltIn">
<msg time="2025-04-29T11:35:52.796442" level="INFO">${counter} = 0</msg>
<var>${counter}</var>
<arg>0</arg>
<doc>Returns the given values which can then be assigned to a variables.</doc>
<status status="PASS" start="2025-04-29T11:35:52.796442" elapsed="0.000000"/>
</kw>
<while condition="True">
<iter>
<kw name="Scroll Element Into View" owner="SeleniumLibrary">
<arg>${locator}</arg>
<doc>Scrolls the element identified by ``locator`` into view.</doc>
<status status="PASS" start="2025-04-29T11:35:52.796442" elapsed="0.266242"/>
</kw>
<kw name="Sleep" owner="BuiltIn">
<msg time="2025-04-29T11:35:53.572994" level="INFO">Slept 500 milliseconds.</msg>
<arg>0.5s</arg>
<doc>Pauses the test executed for the given time.</doc>
<status status="PASS" start="2025-04-29T11:35:53.063685" elapsed="0.509309"/>
</kw>
<kw name="Evaluate" owner="BuiltIn">
<msg time="2025-04-29T11:35:53.572994" level="INFO">${counter} = 1</msg>
<var>${counter}</var>
<arg>${counter} + 1</arg>
<doc>Evaluates the given expression in Python and returns the result.</doc>
<status status="PASS" start="2025-04-29T11:35:53.572994" elapsed="0.000000"/>
</kw>
<kw name="Log To Console" owner="BuiltIn">
<arg>🔁 Scroll attempt: ${counter}</arg>
<doc>Logs the given message to the console.</doc>
<status status="PASS" start="2025-04-29T11:35:53.573995" elapsed="0.000000"/>
</kw>
<kw name="Run Keyword And Return Status" owner="BuiltIn">
<kw name="Element Should Be Enabled" owner="SeleniumLibrary">
<arg>${locator}</arg>
<doc>Verifies that element identified by ``locator`` is enabled.</doc>
<status status="PASS" start="2025-04-29T11:35:53.573995" elapsed="0.014012"/>
</kw>
<msg time="2025-04-29T11:35:53.588007" level="INFO">${is_ready} = True</msg>
<var>${is_ready}</var>
<arg>Element Should Be Enabled</arg>
<arg>${locator}</arg>
<doc>Runs the given keyword with given arguments and returns the status as a Boolean value.</doc>
<status status="PASS" start="2025-04-29T11:35:53.573995" elapsed="0.014012"/>
</kw>
<kw name="Run Keyword And Return Status" owner="BuiltIn">
<kw name="Element Should Be Visible" owner="SeleniumLibrary">
<msg time="2025-04-29T11:35:53.596015" level="INFO">Element 'xpath=//*[contains(@aria-label, "confirm")]' is displayed.</msg>
<arg>${locator}</arg>
<doc>Verifies that the element identified by ``locator`` is visible.</doc>
<status status="PASS" start="2025-04-29T11:35:53.589009" elapsed="0.007006"/>
</kw>
<msg time="2025-04-29T11:35:53.596015" level="INFO">${is_visible} = True</msg>
<var>${is_visible}</var>
<arg>Element Should Be Visible</arg>
<arg>${locator}</arg>
<doc>Runs the given keyword with given arguments and returns the status as a Boolean value.</doc>
<status status="PASS" start="2025-04-29T11:35:53.589009" elapsed="0.007006"/>
</kw>
<kw name="Run Keyword If" owner="BuiltIn">
<kw name="Log To Console" owner="BuiltIn">
<arg>✅ Found ${ locator} and ready after ${counter} scrolls</arg>
<doc>Logs the given message to the console.</doc>
<status status="PASS" start="2025-04-29T11:35:53.596015" elapsed="0.001001"/>
</kw>
<arg>${is_visible} and ${is_ready}</arg>
<arg>Log To Console</arg>
<arg>✅ Found ${ locator} and ready after ${counter} scrolls</arg>
<doc>Runs the given keyword with the given arguments, if ``condition`` is true.</doc>
<status status="PASS" start="2025-04-29T11:35:53.596015" elapsed="0.001001"/>
</kw>
<kw name="Run Keyword If" owner="BuiltIn">
<kw name="Exit For Loop" owner="BuiltIn">
<msg time="2025-04-29T11:35:53.597016" level="INFO">Exiting for loop altogether.</msg>
<doc>Stops executing the enclosing FOR loop.</doc>
<status status="PASS" start="2025-04-29T11:35:53.597016" elapsed="0.000000"/>
</kw>
<arg>${is_visible} and ${is_ready}</arg>
<arg>Exit For Loop</arg>
<doc>Runs the given keyword with the given arguments, if ``condition`` is true.</doc>
<status status="PASS" start="2025-04-29T11:35:53.597016" elapsed="0.000000"/>
</kw>
<status status="PASS" start="2025-04-29T11:35:52.796442" elapsed="0.800574"/>
</iter>
<status status="PASS" start="2025-04-29T11:35:52.796442" elapsed="0.800574"/>
</while>
<arg>${confirm_button}</arg>
<status status="PASS" start="2025-04-29T11:35:52.795441" elapsed="0.801575"/>
</kw>
<kw name="S" owner="action_keyword">
<kw name="Sleep" owner="BuiltIn">
<msg time="2025-04-29T11:36:03.607139" level="INFO">Slept 10 seconds.</msg>
<arg>10s</arg>
<doc>Pauses the test executed for the given time.</doc>
<status status="PASS" start="2025-04-29T11:35:53.598017" elapsed="10.009122"/>
</kw>
<status status="PASS" start="2025-04-29T11:35:53.597016" elapsed="10.010123"/>
</kw>
<kw name="Click Element" owner="SeleniumLibrary">
<msg time="2025-04-29T11:36:03.607139" level="INFO">Clicking element 'xpath=//*[contains(@aria-label, "confirm")]'.</msg>
<arg>${confirm_button}</arg>
<doc>Click the element identified by ``locator``.</doc>
<status status="PASS" start="2025-04-29T11:36:03.607139" elapsed="0.060055"/>
</kw>
<kw name="S" owner="action_keyword">
<kw name="Sleep" owner="BuiltIn">
<msg time="2025-04-29T11:36:13.672526" level="INFO">Slept 10 seconds.</msg>
<arg>10s</arg>
<doc>Pauses the test executed for the given time.</doc>
<status status="PASS" start="2025-04-29T11:36:03.668195" elapsed="10.004331"/>
</kw>
<status status="PASS" start="2025-04-29T11:36:03.668195" elapsed="10.004331"/>
</kw>
<kw name="Click Element" owner="SeleniumLibrary">
<msg time="2025-04-29T11:36:13.673527" level="INFO">Clicking element 'xpath=//*[contains(@aria-label, "close_button")]'.</msg>
<arg>${close_button}</arg>
<doc>Click the element identified by ``locator``.</doc>
<status status="PASS" start="2025-04-29T11:36:13.673527" elapsed="0.041038"/>
</kw>
<kw name="S" owner="action_keyword">
<kw name="Sleep" owner="BuiltIn">
<msg time="2025-04-29T11:36:23.726535" level="INFO">Slept 10 seconds.</msg>
<arg>10s</arg>
<doc>Pauses the test executed for the given time.</doc>
<status status="PASS" start="2025-04-29T11:36:13.715566" elapsed="10.010969"/>
</kw>
<status status="PASS" start="2025-04-29T11:36:13.715566" elapsed="10.010969"/>
</kw>
<kw name="Scroll and Wait" owner="action_keyword">
<kw name="Set Variable" owner="BuiltIn">
<msg time="2025-04-29T11:36:23.727536" level="INFO">${counter} = 0</msg>
<var>${counter}</var>
<arg>0</arg>
<doc>Returns the given values which can then be assigned to a variables.</doc>
<status status="PASS" start="2025-04-29T11:36:23.727536" elapsed="0.000000"/>
</kw>
<while condition="True">
<iter>
<kw name="Scroll Element Into View" owner="SeleniumLibrary">
<arg>${locator}</arg>
<doc>Scrolls the element identified by ``locator`` into view.</doc>
<status status="PASS" start="2025-04-29T11:36:23.727536" elapsed="0.280706"/>
</kw>
<kw name="Sleep" owner="BuiltIn">
<msg time="2025-04-29T11:36:24.523893" level="INFO">Slept 500 milliseconds.</msg>
<arg>0.5s</arg>
<doc>Pauses the test executed for the given time.</doc>
<status status="PASS" start="2025-04-29T11:36:24.009244" elapsed="0.514649"/>
</kw>
<kw name="Evaluate" owner="BuiltIn">
<msg time="2025-04-29T11:36:24.523893" level="INFO">${counter} = 1</msg>
<var>${counter}</var>
<arg>${counter} + 1</arg>
<doc>Evaluates the given expression in Python and returns the result.</doc>
<status status="PASS" start="2025-04-29T11:36:24.523893" elapsed="0.000000"/>
</kw>
<kw name="Log To Console" owner="BuiltIn">
<arg>🔁 Scroll attempt: ${counter}</arg>
<doc>Logs the given message to the console.</doc>
<status status="PASS" start="2025-04-29T11:36:24.523893" elapsed="0.001002"/>
</kw>
<kw name="Run Keyword And Return Status" owner="BuiltIn">
<kw name="Element Should Be Enabled" owner="SeleniumLibrary">
<arg>${locator}</arg>
<doc>Verifies that element identified by ``locator`` is enabled.</doc>
<status status="PASS" start="2025-04-29T11:36:24.524895" elapsed="0.020018"/>
</kw>
<msg time="2025-04-29T11:36:24.544913" level="INFO">${is_ready} = True</msg>
<var>${is_ready}</var>
<arg>Element Should Be Enabled</arg>
<arg>${locator}</arg>
<doc>Runs the given keyword with given arguments and returns the status as a Boolean value.</doc>
<status status="PASS" start="2025-04-29T11:36:24.524895" elapsed="0.020018"/>
</kw>
<kw name="Run Keyword And Return Status" owner="BuiltIn">
<kw name="Element Should Be Visible" owner="SeleniumLibrary">
<msg time="2025-04-29T11:36:24.560927" level="INFO">Element 'xpath=(//*[contains(@aria-label, "การลาสำหรับศาสนา")])' is displayed.</msg>
<arg>${locator}</arg>
<doc>Verifies that the element identified by ``locator`` is visible.</doc>
<status status="PASS" start="2025-04-29T11:36:24.545914" elapsed="0.015013"/>
</kw>
<msg time="2025-04-29T11:36:24.560927" level="INFO">${is_visible} = True</msg>
<var>${is_visible}</var>
<arg>Element Should Be Visible</arg>
<arg>${locator}</arg>
<doc>Runs the given keyword with given arguments and returns the status as a Boolean value.</doc>
<status status="PASS" start="2025-04-29T11:36:24.545914" elapsed="0.015013"/>
</kw>
<kw name="Run Keyword If" owner="BuiltIn">
<kw name="Log To Console" owner="BuiltIn">
<arg>✅ Found ${ locator} and ready after ${counter} scrolls</arg>
<doc>Logs the given message to the console.</doc>
<status status="PASS" start="2025-04-29T11:36:24.561929" elapsed="0.000000"/>
</kw>
<arg>${is_visible} and ${is_ready}</arg>
<arg>Log To Console</arg>
<arg>✅ Found ${ locator} and ready after ${counter} scrolls</arg>
<doc>Runs the given keyword with the given arguments, if ``condition`` is true.</doc>
<status status="PASS" start="2025-04-29T11:36:24.560927" elapsed="0.001002"/>
</kw>
<kw name="Run Keyword If" owner="BuiltIn">
<kw name="Exit For Loop" owner="BuiltIn">
<msg time="2025-04-29T11:36:24.562930" level="INFO">Exiting for loop altogether.</msg>
<doc>Stops executing the enclosing FOR loop.</doc>
<status status="PASS" start="2025-04-29T11:36:24.562930" elapsed="0.000000"/>
</kw>
<arg>${is_visible} and ${is_ready}</arg>
<arg>Exit For Loop</arg>
<doc>Runs the given keyword with the given arguments, if ``condition`` is true.</doc>
<status status="PASS" start="2025-04-29T11:36:24.561929" elapsed="0.001001"/>
</kw>
<status status="PASS" start="2025-04-29T11:36:23.727536" elapsed="0.835394"/>
</iter>
<status status="PASS" start="2025-04-29T11:36:23.727536" elapsed="0.835394"/>
</while>
<arg>xpath=(//*[contains(@aria-label, "การลาสำหรับศาสนา")])</arg>
<status status="PASS" start="2025-04-29T11:36:23.726535" elapsed="0.836395"/>
</kw>
<kw name="S" owner="action_keyword">
<kw name="Sleep" owner="BuiltIn">
<msg time="2025-04-29T11:36:34.573572" level="INFO">Slept 10 seconds.</msg>
<arg>10s</arg>
<doc>Pauses the test executed for the given time.</doc>
<status status="PASS" start="2025-04-29T11:36:24.563930" elapsed="10.009642"/>
</kw>
<status status="PASS" start="2025-04-29T11:36:24.562930" elapsed="10.010642"/>
</kw>
<kw name="Close Browser" owner="SeleniumLibrary">
<doc>Closes the current browser.</doc>
<status status="PASS" start="2025-04-29T11:36:34.573572" elapsed="2.125865"/>
</kw>
<status status="PASS" start="2025-04-29T11:34:02.549696" elapsed="154.149741"/>
</test>
<test id="s1-t3" name="Test Cancel After Fill info on Add leave" line="62">
<kw name="Open Browser Madii" owner="browser_config">
<kw name="Open Browser" owner="SeleniumLibrary">
<msg time="2025-04-29T11:36:36.701439" level="INFO">Opening browser 'headlesschrome' to base url 'https://www.madie.ai/LoginWeb'.</msg>
<arg>${URL}</arg>
<arg>${CHROME_BROWSER_HEADLESS}</arg>
<doc>Opens a new browser instance to the optional ``url``.</doc>
<status status="PASS" start="2025-04-29T11:36:36.700438" elapsed="1.469393"/>
</kw>
<kw name="Set Window Size" owner="SeleniumLibrary">
<arg>1920</arg>
<arg>1080</arg>
<doc>Sets current windows size to given ``width`` and ``height``.</doc>
<status status="PASS" start="2025-04-29T11:36:38.169831" elapsed="0.025024"/>
</kw>
<kw name="Maximize Browser Window" owner="SeleniumLibrary">
<doc>Maximizes current browser window.</doc>
<status status="PASS" start="2025-04-29T11:36:38.194855" elapsed="0.015013"/>
</kw>
<status status="PASS" start="2025-04-29T11:36:36.700438" elapsed="1.509430"/>
</kw>
<kw name="Login User 1" owner="action_keyword">
<kw name="S" owner="action_keyword">
<kw name="Sleep" owner="BuiltIn">
<msg time="2025-04-29T11:36:48.221700" level="INFO">Slept 10 seconds.</msg>
<arg>10s</arg>
<doc>Pauses the test executed for the given time.</doc>
<status status="PASS" start="2025-04-29T11:36:38.210869" elapsed="10.010831"/>
</kw>
<status status="PASS" start="2025-04-29T11:36:38.210869" elapsed="10.010831"/>
</kw>
<kw name="Wait Until Element Is Visible" owner="SeleniumLibrary">
<arg>${login_email_field}</arg>
<doc>Waits until the element ``locator`` is visible.</doc>
<status status="PASS" start="2025-04-29T11:36:48.221700" elapsed="0.015013"/>
</kw>
<kw name="Element Should Be Enabled" owner="SeleniumLibrary">
<arg>${login_email_field}</arg>
<doc>Verifies that element identified by ``locator`` is enabled.</doc>
<status status="PASS" start="2025-04-29T11:36:48.236713" elapsed="0.015014"/>
</kw>
<kw name="Press Keys" owner="SeleniumLibrary">
<msg time="2025-04-29T11:36:48.251727" level="INFO">Sending key(s) ('parrybear83@gmail.com',) to xpath=//*[contains(@aria-label, "field_enter_email")] element.</msg>
<msg time="2025-04-29T11:36:48.542400" level="INFO">Sending keys parrybear83@gmail.com</msg>
<arg>${login_email_field}</arg>
<arg>${data_email}</arg>
<doc>Simulates the user pressing key(s) to an element or on the active browser.</doc>
<status status="PASS" start="2025-04-29T11:36:48.251727" elapsed="0.543915"/>
</kw>
<kw name="Sleep" owner="BuiltIn">
<msg time="2025-04-29T11:36:53.808481" level="INFO">Slept 5 seconds.</msg>
<arg>5s</arg>
<doc>Pauses the test executed for the given time.</doc>
<status status="PASS" start="2025-04-29T11:36:48.795642" elapsed="5.012839"/>
</kw>
<kw name="Wait Until Element Is Visible" owner="SeleniumLibrary">
<arg>${login_pass_field}</arg>
<doc>Waits until the element ``locator`` is visible.</doc>
<status status="PASS" start="2025-04-29T11:36:53.808481" elapsed="0.013011"/>
</kw>
<kw name="Press Keys" owner="SeleniumLibrary">
<msg time="2025-04-29T11:36:53.822493" level="INFO">Sending key(s) ('12345',) to xpath=//*[contains(@aria-label, "field_enter_password")] element.</msg>
<msg time="2025-04-29T11:36:54.104717" level="INFO">Sending keys 12345</msg>
<arg>${login_pass_field}</arg>
<arg>${data_password}</arg>
<doc>Simulates the user pressing key(s) to an element or on the active browser.</doc>
<status status="PASS" start="2025-04-29T11:36:53.821492" elapsed="0.354292"/>
</kw>
<kw name="Sleep" owner="BuiltIn">
<msg time="2025-04-29T11:36:59.189846" level="INFO">Slept 5 seconds.</msg>
<arg>5s</arg>
<doc>Pauses the test executed for the given time.</doc>
<status status="PASS" start="2025-04-29T11:36:54.175784" elapsed="5.014062"/>
</kw>
<kw name="Wait Until Element Is Visible" owner="SeleniumLibrary">
<arg>${login_button}</arg>
<doc>Waits until the element ``locator`` is visible.</doc>
<status status="PASS" start="2025-04-29T11:36:59.189846" elapsed="0.010009"/>
</kw>
<kw name="Press Keys" owner="SeleniumLibrary">
<msg time="2025-04-29T11:36:59.200856" level="INFO">Sending key(s) ('ENTER',) to xpath=//*[@aria-label="Log in"] element.</msg>
<msg time="2025-04-29T11:36:59.524008" level="INFO">Pressing special key ENTER to element.</msg>
<msg time="2025-04-29T11:36:59.525009" level="INFO">Releasing special key ENTER.</msg>
<arg>${login_button}</arg>
<arg>ENTER</arg>
<doc>Simulates the user pressing key(s) to an element or on the active browser.</doc>
<status status="PASS" start="2025-04-29T11:36:59.200856" elapsed="0.328157"/>
</kw>
<kw name="S" owner="action_keyword">
<kw name="Sleep" owner="BuiltIn">
<msg time="2025-04-29T11:37:09.533555" level="INFO">Slept 10 seconds.</msg>
<arg>10s</arg>
<doc>Pauses the test executed for the given time.</doc>
<status status="PASS" start="2025-04-29T11:36:59.530014" elapsed="10.003541"/>
</kw>
<status status="PASS" start="2025-04-29T11:36:59.530014" elapsed="10.003541"/>
</kw>
<status status="PASS" start="2025-04-29T11:36:38.209868" elapsed="31.323687"/>
</kw>
<kw name="Settings Go to Leave Type" owner="action_keyword">
<kw name="S" owner="action_keyword">
<kw name="Sleep" owner="BuiltIn">
<msg time="2025-04-29T11:37:19.536428" level="INFO">Slept 10 seconds.</msg>
<arg>10s</arg>
<doc>Pauses the test executed for the given time.</doc>
<status status="PASS" start="2025-04-29T11:37:09.534557" elapsed="10.001871"/>
</kw>
<status status="PASS" start="2025-04-29T11:37:09.534557" elapsed="10.001871"/>
</kw>
<kw name="Wait Until Element Is Visible" owner="SeleniumLibrary">
<arg>${settings_menu}</arg>
<doc>Waits until the element ``locator`` is visible.</doc>
<status status="PASS" start="2025-04-29T11:37:19.536428" elapsed="0.011011"/>
</kw>
<kw name="Press Keys" owner="SeleniumLibrary">
<msg time="2025-04-29T11:37:19.548439" level="INFO">Sending key(s) ('ENTER',) to xpath=//*[contains(@aria-label, "main_menu_Settings
Setting")] element.</msg>
<msg time="2025-04-29T11:37:19.847125" level="INFO">Pressing special key ENTER to element.</msg>
<msg time="2025-04-29T11:37:19.847125" level="INFO">Releasing special key ENTER.</msg>
<arg>${settings_menu}</arg>
<arg>ENTER</arg>
<doc>Simulates the user pressing key(s) to an element or on the active browser.</doc>
<status status="PASS" start="2025-04-29T11:37:19.548439" elapsed="0.303690"/>
</kw>
<kw name="S" owner="action_keyword">
<kw name="Sleep" owner="BuiltIn">
<msg time="2025-04-29T11:37:29.855359" level="INFO">Slept 10 seconds.</msg>
<arg>10s</arg>
<doc>Pauses the test executed for the given time.</doc>
<status status="PASS" start="2025-04-29T11:37:19.853130" elapsed="10.002229"/>
</kw>
<status status="PASS" start="2025-04-29T11:37:19.852129" elapsed="10.003230"/>
</kw>
<kw name="Wait Until Element Is Visible" owner="SeleniumLibrary">
<arg>${leave_type_menu}</arg>
<doc>Waits until the element ``locator`` is visible.</doc>
<status status="PASS" start="2025-04-29T11:37:29.855359" elapsed="0.010008"/>
</kw>
<kw name="Press Keys" owner="SeleniumLibrary">
<msg time="2025-04-29T11:37:29.865367" level="INFO">Sending key(s) ('ENTER',) to xpath=//*[contains(@aria-label, "sub_menu_Settings
Leave Type")] element.</msg>
<msg time="2025-04-29T11:37:30.138412" level="INFO">Pressing special key ENTER to element.</msg>
<msg time="2025-04-29T11:37:30.138412" level="INFO">Releasing special key ENTER.</msg>
<arg>${leave_type_menu}</arg>
<arg>ENTER</arg>
<doc>Simulates the user pressing key(s) to an element or on the active browser.</doc>
<status status="PASS" start="2025-04-29T11:37:29.865367" elapsed="0.551298"/>
</kw>
<kw name="S" owner="action_keyword">
<kw name="Sleep" owner="BuiltIn">
<msg time="2025-04-29T11:37:40.432165" level="INFO">Slept 10 seconds.</msg>
<arg>10s</arg>
<doc>Pauses the test executed for the given time.</doc>
<status status="PASS" start="2025-04-29T11:37:30.417665" elapsed="10.014500"/>
</kw>
<status status="PASS" start="2025-04-29T11:37:30.416665" elapsed="10.015500"/>
</kw>
<status status="PASS" start="2025-04-29T11:37:09.533555" elapsed="30.898610"/>
</kw>
<kw name="Click Element" owner="SeleniumLibrary">
<msg time="2025-04-29T11:37:40.432165" level="INFO">Clicking element 'xpath=//*[contains(@aria-label, "add_leave_config")]'.</msg>
<arg>${add_leave_type}</arg>
<doc>Click the element identified by ``locator``.</doc>
<status status="PASS" start="2025-04-29T11:37:40.432165" elapsed="0.096087"/>
</kw>
<kw name="S" owner="action_keyword">
<kw name="Sleep" owner="BuiltIn">
<msg time="2025-04-29T11:37:50.534362" level="INFO">Slept 10 seconds.</msg>
<arg>10s</arg>
<doc>Pauses the test executed for the given time.</doc>
<status status="PASS" start="2025-04-29T11:37:40.529254" elapsed="10.005108"/>
</kw>
<status status="PASS" start="2025-04-29T11:37:40.529254" elapsed="10.005108"/>
</kw>
<kw name="Wait Until Element Is Visible" owner="SeleniumLibrary">
<arg>${leave_field}</arg>
<doc>Waits until the element ``locator`` is visible.</doc>
<status status="PASS" start="2025-04-29T11:37:50.534362" elapsed="0.013012"/>
</kw>
<kw name="Press Keys" owner="SeleniumLibrary">
<msg time="2025-04-29T11:37:50.548374" level="INFO">Sending key(s) ('ลาพักร้อน_20250429113225',) to xpath=//*[contains(@aria-label, "text_field_leave_type_name")] element.</msg>
<msg time="2025-04-29T11:37:50.871825" level="INFO">Sending keys ลาพักร้อน_20250429113225</msg>
<arg>${leave_field}</arg>
<arg>ลาพักร้อน_${now}</arg>
<doc>Simulates the user pressing key(s) to an element or on the active browser.</doc>
<status status="PASS" start="2025-04-29T11:37:50.547374" elapsed="0.630807"/>
</kw>
<kw name="S" owner="action_keyword">
<kw name="Sleep" owner="BuiltIn">
<msg time="2025-04-29T11:38:01.192375" level="INFO">Slept 10 seconds.</msg>
<arg>10s</arg>
<doc>Pauses the test executed for the given time.</doc>
<status status="PASS" start="2025-04-29T11:37:51.179181" elapsed="10.013194"/>
</kw>
<status status="PASS" start="2025-04-29T11:37:51.179181" elapsed="10.013194"/>
</kw>
<kw name="Clear Input Field With Backspace" owner="action_keyword">
<kw name="Set Focus To Element" owner="SeleniumLibrary">
<arg>${locator}</arg>
<doc>Sets the focus to the element identified by ``locator``.</doc>
<status status="PASS" start="2025-04-29T11:38:01.193376" elapsed="0.010009"/>
</kw>
<kw name="Scroll and Wait" owner="action_keyword">
<kw name="Set Variable" owner="BuiltIn">
<msg time="2025-04-29T11:38:01.204386" level="INFO">${counter} = 0</msg>
<var>${counter}</var>
<arg>0</arg>
<doc>Returns the given values which can then be assigned to a variables.</doc>
<status status="PASS" start="2025-04-29T11:38:01.204386" elapsed="0.000000"/>
</kw>
<while condition="True">
<iter>
<kw name="Scroll Element Into View" owner="SeleniumLibrary">
<arg>${locator}</arg>
<doc>Scrolls the element identified by ``locator`` into view.</doc>
<status status="PASS" start="2025-04-29T11:38:01.205387" elapsed="0.263859"/>
</kw>
<kw name="Sleep" owner="BuiltIn">
<msg time="2025-04-29T11:38:01.983417" level="INFO">Slept 500 milliseconds.</msg>
<arg>0.5s</arg>
<doc>Pauses the test executed for the given time.</doc>
<status status="PASS" start="2025-04-29T11:38:01.470248" elapsed="0.513169"/>
</kw>
<kw name="Evaluate" owner="BuiltIn">
<msg time="2025-04-29T11:38:01.983417" level="INFO">${counter} = 1</msg>
<var>${counter}</var>
<arg>${counter} + 1</arg>
<doc>Evaluates the given expression in Python and returns the result.</doc>
<status status="PASS" start="2025-04-29T11:38:01.983417" elapsed="0.000000"/>
</kw>
<kw name="Log To Console" owner="BuiltIn">
<arg>🔁 Scroll attempt: ${counter}</arg>
<doc>Logs the given message to the console.</doc>
<status status="PASS" start="2025-04-29T11:38:01.984418" elapsed="0.000000"/>
</kw>
<kw name="Run Keyword And Return Status" owner="BuiltIn">
<kw name="Element Should Be Enabled" owner="SeleniumLibrary">
<arg>${locator}</arg>
<doc>Verifies that element identified by ``locator`` is enabled.</doc>
<status status="PASS" start="2025-04-29T11:38:01.984418" elapsed="0.014013"/>
</kw>
<msg time="2025-04-29T11:38:01.999432" level="INFO">${is_ready} = True</msg>
<var>${is_ready}</var>
<arg>Element Should Be Enabled</arg>
<arg>${locator}</arg>
<doc>Runs the given keyword with given arguments and returns the status as a Boolean value.</doc>
<status status="PASS" start="2025-04-29T11:38:01.984418" elapsed="0.015014"/>
</kw>
<kw name="Run Keyword And Return Status" owner="BuiltIn">
<kw name="Element Should Be Visible" owner="SeleniumLibrary">
<msg time="2025-04-29T11:38:02.007440" level="INFO">Element 'xpath=//*[contains(@aria-label, "text_field_max_days")]' is displayed.</msg>
<arg>${locator}</arg>
<doc>Verifies that the element identified by ``locator`` is visible.</doc>
<status status="PASS" start="2025-04-29T11:38:01.999432" elapsed="0.008008"/>
</kw>
<msg time="2025-04-29T11:38:02.007440" level="INFO">${is_visible} = True</msg>
<var>${is_visible}</var>
<arg>Element Should Be Visible</arg>
<arg>${locator}</arg>
<doc>Runs the given keyword with given arguments and returns the status as a Boolean value.</doc>
<status status="PASS" start="2025-04-29T11:38:01.999432" elapsed="0.008008"/>
</kw>
<kw name="Run Keyword If" owner="BuiltIn">
<kw name="Log To Console" owner="BuiltIn">
<arg>✅ Found ${ locator} and ready after ${counter} scrolls</arg>
<doc>Logs the given message to the console.</doc>
<status status="PASS" start="2025-04-29T11:38:02.007440" elapsed="0.001000"/>
</kw>
<arg>${is_visible} and ${is_ready}</arg>
<arg>Log To Console</arg>
<arg>✅ Found ${ locator} and ready after ${counter} scrolls</arg>
<doc>Runs the given keyword with the given arguments, if ``condition`` is true.</doc>
<status status="PASS" start="2025-04-29T11:38:02.007440" elapsed="0.001000"/>
</kw>
<kw name="Run Keyword If" owner="BuiltIn">
<kw name="Exit For Loop" owner="BuiltIn">
<msg time="2025-04-29T11:38:02.008440" level="INFO">Exiting for loop altogether.</msg>
<doc>Stops executing the enclosing FOR loop.</doc>
<status status="PASS" start="2025-04-29T11:38:02.008440" elapsed="0.000000"/>
</kw>
<arg>${is_visible} and ${is_ready}</arg>
<arg>Exit For Loop</arg>
<doc>Runs the given keyword with the given arguments, if ``condition`` is true.</doc>
<status status="PASS" start="2025-04-29T11:38:02.008440" elapsed="0.000000"/>
</kw>
<status status="PASS" start="2025-04-29T11:38:01.204386" elapsed="0.805055"/>
</iter>
<status status="PASS" start="2025-04-29T11:38:01.204386" elapsed="0.805055"/>
</while>
<arg>${locator}</arg>
<status status="PASS" start="2025-04-29T11:38:01.203385" elapsed="0.806056"/>
</kw>
<kw name="Wait Until Element Is Visible" owner="SeleniumLibrary">
<arg>${locator}</arg>
<arg>timeout=10</arg>
<doc>Waits until the element ``locator`` is visible.</doc>
<status status="PASS" start="2025-04-29T11:38:02.009441" elapsed="0.007006"/>
</kw>
<kw name="Press Keys" owner="SeleniumLibrary">
<msg time="2025-04-29T11:38:02.016447" level="INFO">Sending key(s) ('CTRL+A',) to xpath=//*[contains(@aria-label, "text_field_max_days")] element.</msg>
<msg time="2025-04-29T11:38:02.295999" level="INFO">Pressing special key CONTROL down.</msg>
<msg time="2025-04-29T11:38:02.295999" level="INFO">Sending key A</msg>
<msg time="2025-04-29T11:38:02.295999" level="INFO">Releasing special key CONTROL.</msg>
<arg>${locator}</arg>
<arg>CTRL+A</arg>
<doc>Simulates the user pressing key(s) to an element or on the active browser.</doc>
<status status="PASS" start="2025-04-29T11:38:02.016447" elapsed="0.287560"/>
</kw>
<arg>${maxday_allowed_field}</arg>
<status status="PASS" start="2025-04-29T11:38:01.192375" elapsed="1.111632"/>
</kw>
<kw name="Press Keys" owner="SeleniumLibrary">
<msg time="2025-04-29T11:38:02.305008" level="INFO">Sending key(s) ('10',) to xpath=//*[contains(@aria-label, "text_field_max_days")] element.</msg>
<msg time="2025-04-29T11:38:02.599536" level="INFO">Sending keys 10</msg>
<arg>${maxday_allowed_field}</arg>
<arg>10</arg>
<doc>Simulates the user pressing key(s) to an element or on the active browser.</doc>
<status status="PASS" start="2025-04-29T11:38:02.305008" elapsed="0.299532"/>
</kw>
<kw name="S" owner="action_keyword">
<kw name="Sleep" owner="BuiltIn">
<msg time="2025-04-29T11:38:12.613449" level="INFO">Slept 10 seconds.</msg>
<arg>10s</arg>
<doc>Pauses the test executed for the given time.</doc>
<status status="PASS" start="2025-04-29T11:38:02.605541" elapsed="10.007908"/>
</kw>
<status status="PASS" start="2025-04-29T11:38:02.605541" elapsed="10.007908"/>
</kw>
<kw name="Scroll and Wait" owner="action_keyword">
<kw name="Set Variable" owner="BuiltIn">
<msg time="2025-04-29T11:38:12.614451" level="INFO">${counter} = 0</msg>
<var>${counter}</var>
<arg>0</arg>
<doc>Returns the given values which can then be assigned to a variables.</doc>
<status status="PASS" start="2025-04-29T11:38:12.614451" elapsed="0.000000"/>
</kw>
<while condition="True">
<iter>
<kw name="Scroll Element Into View" owner="SeleniumLibrary">
<arg>${locator}</arg>
<doc>Scrolls the element identified by ``locator`` into view.</doc>
<status status="PASS" start="2025-04-29T11:38:12.614451" elapsed="0.266012"/>
</kw>
<kw name="Sleep" owner="BuiltIn">
<msg time="2025-04-29T11:38:13.392879" level="INFO">Slept 500 milliseconds.</msg>
<arg>0.5s</arg>
<doc>Pauses the test executed for the given time.</doc>
<status status="PASS" start="2025-04-29T11:38:12.881463" elapsed="0.511416"/>
</kw>
<kw name="Evaluate" owner="BuiltIn">
<msg time="2025-04-29T11:38:13.392879" level="INFO">${counter} = 1</msg>
<var>${counter}</var>
<arg>${counter} + 1</arg>
<doc>Evaluates the given expression in Python and returns the result.</doc>
<status status="PASS" start="2025-04-29T11:38:13.392879" elapsed="0.000000"/>
</kw>
<kw name="Log To Console" owner="BuiltIn">
<arg>🔁 Scroll attempt: ${counter}</arg>
<doc>Logs the given message to the console.</doc>
<status status="PASS" start="2025-04-29T11:38:13.392879" elapsed="0.001001"/>
</kw>
<kw name="Run Keyword And Return Status" owner="BuiltIn">
<kw name="Element Should Be Enabled" owner="SeleniumLibrary">
<arg>${locator}</arg>
<doc>Verifies that element identified by ``locator`` is enabled.</doc>
<status status="PASS" start="2025-04-29T11:38:13.393880" elapsed="0.011010"/>
</kw>
<msg time="2025-04-29T11:38:13.405891" level="INFO">${is_ready} = True</msg>
<var>${is_ready}</var>
<arg>Element Should Be Enabled</arg>
<arg>${locator}</arg>
<doc>Runs the given keyword with given arguments and returns the status as a Boolean value.</doc>
<status status="PASS" start="2025-04-29T11:38:13.393880" elapsed="0.012011"/>
</kw>
<kw name="Run Keyword And Return Status" owner="BuiltIn">
<kw name="Element Should Be Visible" owner="SeleniumLibrary">
<msg time="2025-04-29T11:38:13.412898" level="INFO">Element 'xpath=//*[@aria-label="text_field_leave_description"]' is displayed.</msg>
<arg>${locator}</arg>
<doc>Verifies that the element identified by ``locator`` is visible.</doc>
<status status="PASS" start="2025-04-29T11:38:13.405891" elapsed="0.007007"/>
</kw>
<msg time="2025-04-29T11:38:13.412898" level="INFO">${is_visible} = True</msg>
<var>${is_visible}</var>
<arg>Element Should Be Visible</arg>
<arg>${locator}</arg>
<doc>Runs the given keyword with given arguments and returns the status as a Boolean value.</doc>
<status status="PASS" start="2025-04-29T11:38:13.405891" elapsed="0.007007"/>
</kw>
<kw name="Run Keyword If" owner="BuiltIn">
<kw name="Log To Console" owner="BuiltIn">
<arg>✅ Found ${ locator} and ready after ${counter} scrolls</arg>
<doc>Logs the given message to the console.</doc>
<status status="PASS" start="2025-04-29T11:38:13.412898" elapsed="0.001001"/>
</kw>
<arg>${is_visible} and ${is_ready}</arg>
<arg>Log To Console</arg>
<arg>✅ Found ${ locator} and ready after ${counter} scrolls</arg>
<doc>Runs the given keyword with the given arguments, if ``condition`` is true.</doc>
<status status="PASS" start="2025-04-29T11:38:13.412898" elapsed="0.001001"/>
</kw>
<kw name="Run Keyword If" owner="BuiltIn">
<kw name="Exit For Loop" owner="BuiltIn">
<msg time="2025-04-29T11:38:13.413899" level="INFO">Exiting for loop altogether.</msg>
<doc>Stops executing the enclosing FOR loop.</doc>
<status status="PASS" start="2025-04-29T11:38:13.413899" elapsed="0.000000"/>
</kw>
<arg>${is_visible} and ${is_ready}</arg>
<arg>Exit For Loop</arg>
<doc>Runs the given keyword with the given arguments, if ``condition`` is true.</doc>
<status status="PASS" start="2025-04-29T11:38:13.413899" elapsed="0.000000"/>
</kw>
<status status="PASS" start="2025-04-29T11:38:12.614451" elapsed="0.799448"/>
</iter>
<status status="PASS" start="2025-04-29T11:38:12.614451" elapsed="0.799448"/>
</while>
<arg>${leave_description_field}</arg>
<status status="PASS" start="2025-04-29T11:38:12.613449" elapsed="0.800450"/>
</kw>
<kw name="Press Keys" owner="SeleniumLibrary">
<msg time="2025-04-29T11:38:13.414900" level="INFO">Sending key(s) ('ลาพักร้อนเป็นสิทธิ์ที่พนักงานสามารถใช้เพื่อพักผ่อนหรือทำกิจกรรมส่วนตัว โดยไม่ต้องมีเหตุผลเฉพาะเจาะจง',) to xpath=//*[@aria-label="text_field_leave_description"] element.</msg>
<msg time="2025-04-29T11:38:13.740293" level="INFO">Sending keys ลาพักร้อนเป็นสิทธิ์ที่พนักงานสามารถใช้เพื่อพักผ่อนหรือทำกิจกรรมส่วนตัว โดยไม่ต้องมีเหตุผลเฉพาะเจาะจง</msg>
<arg>${leave_description_field}</arg>
<arg>ลาพักร้อนเป็นสิทธิ์ที่พนักงานสามารถใช้เพื่อพักผ่อนหรือทำกิจกรรมส่วนตัว โดยไม่ต้องมีเหตุผลเฉพาะเจาะจง</arg>
<doc>Simulates the user pressing key(s) to an element or on the active browser.</doc>
<status status="PASS" start="2025-04-29T11:38:13.414900" elapsed="1.314290"/>
</kw>
<kw name="TAB" owner="action_keyword">
<kw name="Press Keys" owner="SeleniumLibrary">
<msg time="2025-04-29T11:38:14.730191" level="INFO">Sending key(s) ('TAB',) to page.</msg>
<msg time="2025-04-29T11:38:14.730191" level="INFO">Pressing special key TAB to browser.</msg>
<msg time="2025-04-29T11:38:14.730191" level="INFO">Releasing special key TAB.</msg>
<arg>NONE</arg>
<arg>TAB</arg>
<doc>Simulates the user pressing key(s) to an element or on the active browser.</doc>
<status status="PASS" start="2025-04-29T11:38:14.730191" elapsed="0.006005"/>
</kw>
<status status="PASS" start="2025-04-29T11:38:14.730191" elapsed="0.006005"/>
</kw>
<kw name="S" owner="action_keyword">
<kw name="Sleep" owner="BuiltIn">
<msg time="2025-04-29T11:38:24.747611" level="INFO">Slept 10 seconds.</msg>
<arg>10s</arg>
<doc>Pauses the test executed for the given time.</doc>
<status status="PASS" start="2025-04-29T11:38:14.737198" elapsed="10.010413"/>
</kw>
<status status="PASS" start="2025-04-29T11:38:14.737198" elapsed="10.010413"/>
</kw>
<kw name="Scroll and Wait" owner="action_keyword">
<kw name="Set Variable" owner="BuiltIn">
<msg time="2025-04-29T11:38:24.748612" level="INFO">${counter} = 0</msg>
<var>${counter}</var>
<arg>0</arg>
<doc>Returns the given values which can then be assigned to a variables.</doc>
<status status="PASS" start="2025-04-29T11:38:24.748612" elapsed="0.000000"/>
</kw>
<while condition="True">
<iter>
<kw name="Scroll Element Into View" owner="SeleniumLibrary">
<arg>${locator}</arg>
<doc>Scrolls the element identified by ``locator`` into view.</doc>
<status status="PASS" start="2025-04-29T11:38:24.748612" elapsed="0.265231"/>
</kw>
<kw name="Sleep" owner="BuiltIn">
<msg time="2025-04-29T11:38:25.518910" level="INFO">Slept 500 milliseconds.</msg>
<arg>0.5s</arg>
<doc>Pauses the test executed for the given time.</doc>
<status status="PASS" start="2025-04-29T11:38:25.014844" elapsed="0.504066"/>
</kw>
<kw name="Evaluate" owner="BuiltIn">
<msg time="2025-04-29T11:38:25.518910" level="INFO">${counter} = 1</msg>
<var>${counter}</var>
<arg>${counter} + 1</arg>
<doc>Evaluates the given expression in Python and returns the result.</doc>
<status status="PASS" start="2025-04-29T11:38:25.518910" elapsed="0.000000"/>
</kw>
<kw name="Log To Console" owner="BuiltIn">
<arg>🔁 Scroll attempt: ${counter}</arg>
<doc>Logs the given message to the console.</doc>
<status status="PASS" start="2025-04-29T11:38:25.518910" elapsed="0.001001"/>
</kw>
<kw name="Run Keyword And Return Status" owner="BuiltIn">
<kw name="Element Should Be Enabled" owner="SeleniumLibrary">
<arg>${locator}</arg>
<doc>Verifies that element identified by ``locator`` is enabled.</doc>
<status status="PASS" start="2025-04-29T11:38:25.519911" elapsed="0.011010"/>
</kw>
<msg time="2025-04-29T11:38:25.530921" level="INFO">${is_ready} = True</msg>
<var>${is_ready}</var>
<arg>Element Should Be Enabled</arg>
<arg>${locator}</arg>
<doc>Runs the given keyword with given arguments and returns the status as a Boolean value.</doc>
<status status="PASS" start="2025-04-29T11:38:25.519911" elapsed="0.011010"/>
</kw>
<kw name="Run Keyword And Return Status" owner="BuiltIn">
<kw name="Element Should Be Visible" owner="SeleniumLibrary">
<msg time="2025-04-29T11:38:25.537927" level="INFO">Element 'xpath=//*[contains(@aria-label, "leave_request_select_approve")][1]' is displayed.</msg>
<arg>${locator}</arg>
<doc>Verifies that the element identified by ``locator`` is visible.</doc>
<status status="PASS" start="2025-04-29T11:38:25.530921" elapsed="0.007006"/>
</kw>
<msg time="2025-04-29T11:38:25.537927" level="INFO">${is_visible} = True</msg>
<var>${is_visible}</var>
<arg>Element Should Be Visible</arg>
<arg>${locator}</arg>
<doc>Runs the given keyword with given arguments and returns the status as a Boolean value.</doc>
<status status="PASS" start="2025-04-29T11:38:25.530921" elapsed="0.007006"/>
</kw>
<kw name="Run Keyword If" owner="BuiltIn">
<kw name="Log To Console" owner="BuiltIn">
<arg>✅ Found ${ locator} and ready after ${counter} scrolls</arg>
<doc>Logs the given message to the console.</doc>
<status status="PASS" start="2025-04-29T11:38:25.537927" elapsed="0.001001"/>
</kw>
<arg>${is_visible} and ${is_ready}</arg>
<arg>Log To Console</arg>
<arg>✅ Found ${ locator} and ready after ${counter} scrolls</arg>
<doc>Runs the given keyword with the given arguments, if ``condition`` is true.</doc>
<status status="PASS" start="2025-04-29T11:38:25.537927" elapsed="0.001001"/>
</kw>
<kw name="Run Keyword If" owner="BuiltIn">
<kw name="Exit For Loop" owner="BuiltIn">
<msg time="2025-04-29T11:38:25.538928" level="INFO">Exiting for loop altogether.</msg>
<doc>Stops executing the enclosing FOR loop.</doc>
<status status="PASS" start="2025-04-29T11:38:25.538928" elapsed="0.000000"/>
</kw>
<arg>${is_visible} and ${is_ready}</arg>
<arg>Exit For Loop</arg>
<doc>Runs the given keyword with the given arguments, if ``condition`` is true.</doc>
<status status="PASS" start="2025-04-29T11:38:25.538928" elapsed="0.000000"/>
</kw>
<status status="PASS" start="2025-04-29T11:38:24.748612" elapsed="0.790316"/>
</iter>
<status status="PASS" start="2025-04-29T11:38:24.748612" elapsed="0.790316"/>
</while>
<arg>${select_approver}</arg>
<status status="PASS" start="2025-04-29T11:38:24.747611" elapsed="0.791317"/>
</kw>
<kw name="S" owner="action_keyword">
<kw name="Sleep" owner="BuiltIn">
<msg time="2025-04-29T11:38:35.554237" level="INFO">Slept 10 seconds.</msg>
<arg>10s</arg>
<doc>Pauses the test executed for the given time.</doc>
<status status="PASS" start="2025-04-29T11:38:25.539929" elapsed="10.014308"/>
</kw>
<status status="PASS" start="2025-04-29T11:38:25.539929" elapsed="10.014308"/>
</kw>
<kw name="Click Element" owner="SeleniumLibrary">
<msg time="2025-04-29T11:38:35.555240" level="INFO">Clicking element 'xpath=//*[contains(@aria-label, "leave_request_select_approve")][1]'.</msg>
<arg>${select_approver}</arg>
<doc>Click the element identified by ``locator``.</doc>
<status status="PASS" start="2025-04-29T11:38:35.554237" elapsed="0.112103"/>
</kw>
<kw name="Scroll to load element in dropdown" owner="action_keyword">
<for flavor="IN RANGE">
<iter>
<for flavor="IN RANGE">
<iter>
<kw name="Press Keys" owner="SeleniumLibrary">
<msg time="2025-04-29T11:38:35.668342" level="INFO">Sending key(s) ('PAGE_DOWN',) to page.</msg>
<msg time="2025-04-29T11:38:35.668342" level="INFO">Pressing special key PAGE_DOWN to browser.</msg>
<msg time="2025-04-29T11:38:35.668342" level="INFO">Releasing special key PAGE_DOWN.</msg>
<arg>NONE</arg>
<arg>PAGE_DOWN</arg>
<doc>Simulates the user pressing key(s) to an element or on the active browser.</doc>
<status status="PASS" start="2025-04-29T11:38:35.667341" elapsed="0.035032"/>
</kw>
<kw name="Sleep" owner="BuiltIn">
<msg time="2025-04-29T11:38:36.709265" level="INFO">Slept 1 second.</msg>
<arg>1s</arg>
<doc>Pauses the test executed for the given time.</doc>
<status status="PASS" start="2025-04-29T11:38:35.702373" elapsed="1.006892"/>
</kw>
<var name="${i}">0</var>
<status status="PASS" start="2025-04-29T11:38:35.667341" elapsed="1.041924"/>
</iter>
<iter>
<kw name="Press Keys" owner="SeleniumLibrary">
<msg time="2025-04-29T11:38:36.709265" level="INFO">Sending key(s) ('PAGE_DOWN',) to page.</msg>
<msg time="2025-04-29T11:38:36.709265" level="INFO">Pressing special key PAGE_DOWN to browser.</msg>
<msg time="2025-04-29T11:38:36.710266" level="INFO">Releasing special key PAGE_DOWN.</msg>
<arg>NONE</arg>
<arg>PAGE_DOWN</arg>
<doc>Simulates the user pressing key(s) to an element or on the active browser.</doc>
<status status="PASS" start="2025-04-29T11:38:36.709265" elapsed="0.004004"/>
</kw>
<kw name="Sleep" owner="BuiltIn">
<msg time="2025-04-29T11:38:37.721777" level="INFO">Slept 1 second.</msg>
<arg>1s</arg>
<doc>Pauses the test executed for the given time.</doc>
<status status="PASS" start="2025-04-29T11:38:36.713269" elapsed="1.008508"/>
</kw>
<var name="${i}">1</var>
<status status="PASS" start="2025-04-29T11:38:36.709265" elapsed="1.012512"/>
</iter>
<iter>
<kw name="Press Keys" owner="SeleniumLibrary">
<msg time="2025-04-29T11:38:37.721777" level="INFO">Sending key(s) ('PAGE_DOWN',) to page.</msg>
<msg time="2025-04-29T11:38:37.722778" level="INFO">Pressing special key PAGE_DOWN to browser.</msg>
<msg time="2025-04-29T11:38:37.722778" level="INFO">Releasing special key PAGE_DOWN.</msg>
<arg>NONE</arg>
<arg>PAGE_DOWN</arg>
<doc>Simulates the user pressing key(s) to an element or on the active browser.</doc>
<status status="PASS" start="2025-04-29T11:38:37.721777" elapsed="0.004004"/>
</kw>
<kw name="Sleep" owner="BuiltIn">
<msg time="2025-04-29T11:38:38.735000" level="INFO">Slept 1 second.</msg>
<arg>1s</arg>
<doc>Pauses the test executed for the given time.</doc>
<status status="PASS" start="2025-04-29T11:38:37.726782" elapsed="1.008218"/>
</kw>
<var name="${i}">2</var>
<status status="PASS" start="2025-04-29T11:38:37.721777" elapsed="1.013223"/>
</iter>
<iter>
<kw name="Press Keys" owner="SeleniumLibrary">
<msg time="2025-04-29T11:38:38.736001" level="INFO">Sending key(s) ('PAGE_DOWN',) to page.</msg>
<msg time="2025-04-29T11:38:38.736001" level="INFO">Pressing special key PAGE_DOWN to browser.</msg>
<msg time="2025-04-29T11:38:38.736001" level="INFO">Releasing special key PAGE_DOWN.</msg>
<arg>NONE</arg>
<arg>PAGE_DOWN</arg>
<doc>Simulates the user pressing key(s) to an element or on the active browser.</doc>
<status status="PASS" start="2025-04-29T11:38:38.735000" elapsed="0.005005"/>
</kw>
<kw name="Sleep" owner="BuiltIn">
<msg time="2025-04-29T11:38:39.752423" level="INFO">Slept 1 second.</msg>
<arg>1s</arg>
<doc>Pauses the test executed for the given time.</doc>
<status status="PASS" start="2025-04-29T11:38:38.740005" elapsed="1.012418"/>
</kw>
<var name="${i}">3</var>
<status status="PASS" start="2025-04-29T11:38:38.735000" elapsed="1.017423"/>
</iter>
<iter>
<kw name="Press Keys" owner="SeleniumLibrary">
<msg time="2025-04-29T11:38:39.752423" level="INFO">Sending key(s) ('PAGE_DOWN',) to page.</msg>
<msg time="2025-04-29T11:38:39.752423" level="INFO">Pressing special key PAGE_DOWN to browser.</msg>
<msg time="2025-04-29T11:38:39.752423" level="INFO">Releasing special key PAGE_DOWN.</msg>
<arg>NONE</arg>
<arg>PAGE_DOWN</arg>
<doc>Simulates the user pressing key(s) to an element or on the active browser.</doc>
<status status="PASS" start="2025-04-29T11:38:39.752423" elapsed="0.004004"/>
</kw>
<kw name="Sleep" owner="BuiltIn">
<msg time="2025-04-29T11:38:40.757011" level="INFO">Slept 1 second.</msg>
<arg>1s</arg>
<doc>Pauses the test executed for the given time.</doc>
<status status="PASS" start="2025-04-29T11:38:39.756427" elapsed="1.000584"/>
</kw>
<var name="${i}">4</var>
<status status="PASS" start="2025-04-29T11:38:39.752423" elapsed="1.004588"/>
</iter>
<iter>
<kw name="Press Keys" owner="SeleniumLibrary">
<msg time="2025-04-29T11:38:40.757011" level="INFO">Sending key(s) ('PAGE_DOWN',) to page.</msg>
<msg time="2025-04-29T11:38:40.758012" level="INFO">Pressing special key PAGE_DOWN to browser.</msg>
<msg time="2025-04-29T11:38:40.758012" level="INFO">Releasing special key PAGE_DOWN.</msg>
<arg>NONE</arg>
<arg>PAGE_DOWN</arg>
<doc>Simulates the user pressing key(s) to an element or on the active browser.</doc>
<status status="PASS" start="2025-04-29T11:38:40.757011" elapsed="0.004003"/>
</kw>
<kw name="Sleep" owner="BuiltIn">
<msg time="2025-04-29T11:38:41.765772" level="INFO">Slept 1 second.</msg>
<arg>1s</arg>
<doc>Pauses the test executed for the given time.</doc>
<status status="PASS" start="2025-04-29T11:38:40.762016" elapsed="1.003756"/>
</kw>
<var name="${i}">5</var>
<status status="PASS" start="2025-04-29T11:38:40.757011" elapsed="1.008761"/>
</iter>
<var>${i}</var>
<value>6</value>
<status status="PASS" start="2025-04-29T11:38:35.667341" elapsed="6.098431"/>
</for>
<for flavor="IN RANGE">
<iter>
<kw name="Press Keys" owner="SeleniumLibrary">
<msg time="2025-04-29T11:38:41.766773" level="INFO">Sending key(s) ('PAGE_UP',) to page.</msg>
<msg time="2025-04-29T11:38:41.766773" level="INFO">Pressing special key PAGE_UP to browser.</msg>
<msg time="2025-04-29T11:38:41.766773" level="INFO">Releasing special key PAGE_UP.</msg>
<arg>NONE</arg>
<arg>PAGE_UP</arg>
<doc>Simulates the user pressing key(s) to an element or on the active browser.</doc>
<status status="PASS" start="2025-04-29T11:38:41.765772" elapsed="0.008007"/>
</kw>
<kw name="Sleep" owner="BuiltIn">
<msg time="2025-04-29T11:38:42.786240" level="INFO">Slept 1 second.</msg>
<arg>1s</arg>
<doc>Pauses the test executed for the given time.</doc>
<status status="PASS" start="2025-04-29T11:38:41.773779" elapsed="1.012461"/>
</kw>
<var name="${i}">0</var>
<status status="PASS" start="2025-04-29T11:38:41.765772" elapsed="1.020468"/>
</iter>
<iter>
<kw name="Press Keys" owner="SeleniumLibrary">
<msg time="2025-04-29T11:38:42.786240" level="INFO">Sending key(s) ('PAGE_UP',) to page.</msg>
<msg time="2025-04-29T11:38:42.787241" level="INFO">Pressing special key PAGE_UP to browser.</msg>
<msg time="2025-04-29T11:38:42.787241" level="INFO">Releasing special key PAGE_UP.</msg>
<arg>NONE</arg>
<arg>PAGE_UP</arg>
<doc>Simulates the user pressing key(s) to an element or on the active browser.</doc>
<status status="PASS" start="2025-04-29T11:38:42.786240" elapsed="0.004004"/>
</kw>
<kw name="Sleep" owner="BuiltIn">
<msg time="2025-04-29T11:38:43.798508" level="INFO">Slept 1 second.</msg>
<arg>1s</arg>
<doc>Pauses the test executed for the given time.</doc>
<status status="PASS" start="2025-04-29T11:38:42.790244" elapsed="1.008264"/>
</kw>
<var name="${i}">1</var>
<status status="PASS" start="2025-04-29T11:38:42.786240" elapsed="1.012268"/>
</iter>
<iter>
<kw name="Press Keys" owner="SeleniumLibrary">
<msg time="2025-04-29T11:38:43.798508" level="INFO">Sending key(s) ('PAGE_UP',) to page.</msg>
<msg time="2025-04-29T11:38:43.799509" level="INFO">Pressing special key PAGE_UP to browser.</msg>
[...]
<status status="PASS" start="2025-04-29T11:47:50.572730" elapsed="10.002655"/>
</kw>
<status status="PASS" start="2025-04-29T11:47:50.572730" elapsed="10.002655"/>
</kw>
<kw name="Scroll and Wait" owner="action_keyword">
<kw name="Set Variable" owner="BuiltIn">
<msg time="2025-04-29T11:48:00.576386" level="INFO">${counter} = 0</msg>
<var>${counter}</var>
<arg>0</arg>
<doc>Returns the given values which can then be assigned to a variables.</doc>
<status status="PASS" start="2025-04-29T11:48:00.576386" elapsed="0.000000"/>
</kw>
<while condition="True">
<iter>
<kw name="Scroll Element Into View" owner="SeleniumLibrary">
<arg>${locator}</arg>
<doc>Scrolls the element identified by ``locator`` into view.</doc>
<status status="PASS" start="2025-04-29T11:48:00.576386" elapsed="0.266135"/>
</kw>
<kw name="Sleep" owner="BuiltIn">
<msg time="2025-04-29T11:48:01.358629" level="INFO">Slept 500 milliseconds.</msg>
<arg>0.5s</arg>
<doc>Pauses the test executed for the given time.</doc>
<status status="PASS" start="2025-04-29T11:48:00.843521" elapsed="0.515108"/>
</kw>
<kw name="Evaluate" owner="BuiltIn">
<msg time="2025-04-29T11:48:01.358629" level="INFO">${counter} = 1</msg>
<var>${counter}</var>
<arg>${counter} + 1</arg>
<doc>Evaluates the given expression in Python and returns the result.</doc>
<status status="PASS" start="2025-04-29T11:48:01.358629" elapsed="0.000000"/>
</kw>
<kw name="Log To Console" owner="BuiltIn">
<arg>🔁 Scroll attempt: ${counter}</arg>
<doc>Logs the given message to the console.</doc>
<status status="PASS" start="2025-04-29T11:48:01.358629" elapsed="0.001001"/>
</kw>
<kw name="Run Keyword And Return Status" owner="BuiltIn">
<kw name="Element Should Be Enabled" owner="SeleniumLibrary">
<arg>${locator}</arg>
<doc>Verifies that element identified by ``locator`` is enabled.</doc>
<status status="PASS" start="2025-04-29T11:48:01.359630" elapsed="0.012011"/>
</kw>
<msg time="2025-04-29T11:48:01.371641" level="INFO">${is_ready} = True</msg>
<var>${is_ready}</var>
<arg>Element Should Be Enabled</arg>
<arg>${locator}</arg>
<doc>Runs the given keyword with given arguments and returns the status as a Boolean value.</doc>
<status status="PASS" start="2025-04-29T11:48:01.359630" elapsed="0.012011"/>
</kw>
<kw name="Run Keyword And Return Status" owner="BuiltIn">
<kw name="Element Should Be Visible" owner="SeleniumLibrary">
<msg time="2025-04-29T11:48:01.378648" level="INFO">Element 'xpath=//*[contains(@aria-label, "leave_request_select_approve")][1]' is displayed.</msg>
<arg>${locator}</arg>
<doc>Verifies that the element identified by ``locator`` is visible.</doc>
<status status="PASS" start="2025-04-29T11:48:01.371641" elapsed="0.007007"/>
</kw>
<msg time="2025-04-29T11:48:01.379648" level="INFO">${is_visible} = True</msg>
<var>${is_visible}</var>
<arg>Element Should Be Visible</arg>
<arg>${locator}</arg>
<doc>Runs the given keyword with given arguments and returns the status as a Boolean value.</doc>
<status status="PASS" start="2025-04-29T11:48:01.371641" elapsed="0.008007"/>
</kw>
<kw name="Run Keyword If" owner="BuiltIn">
<kw name="Log To Console" owner="BuiltIn">
<arg>✅ Found ${ locator} and ready after ${counter} scrolls</arg>
<doc>Logs the given message to the console.</doc>
<status status="PASS" start="2025-04-29T11:48:01.379648" elapsed="0.000000"/>
</kw>
<arg>${is_visible} and ${is_ready}</arg>
<arg>Log To Console</arg>
<arg>✅ Found ${ locator} and ready after ${counter} scrolls</arg>
<doc>Runs the given keyword with the given arguments, if ``condition`` is true.</doc>
<status status="PASS" start="2025-04-29T11:48:01.379648" elapsed="0.000000"/>
</kw>
<kw name="Run Keyword If" owner="BuiltIn">
<kw name="Exit For Loop" owner="BuiltIn">
<msg time="2025-04-29T11:48:01.380649" level="INFO">Exiting for loop altogether.</msg>
<doc>Stops executing the enclosing FOR loop.</doc>
<status status="PASS" start="2025-04-29T11:48:01.380649" elapsed="0.000000"/>
</kw>
<arg>${is_visible} and ${is_ready}</arg>
<arg>Exit For Loop</arg>
<doc>Runs the given keyword with the given arguments, if ``condition`` is true.</doc>
<status status="PASS" start="2025-04-29T11:48:01.379648" elapsed="0.001001"/>
</kw>
<status status="PASS" start="2025-04-29T11:48:00.576386" elapsed="0.804263"/>
</iter>
<status status="PASS" start="2025-04-29T11:48:00.576386" elapsed="0.804263"/>
</while>
<arg>${select_approver}</arg>
<status status="PASS" start="2025-04-29T11:48:00.575385" elapsed="0.805264"/>
</kw>
<kw name="S" owner="action_keyword">
<kw name="Sleep" owner="BuiltIn">
<msg time="2025-04-29T11:48:11.389375" level="INFO">Slept 10 seconds.</msg>
<arg>10s</arg>
<doc>Pauses the test executed for the given time.</doc>
<status status="PASS" start="2025-04-29T11:48:01.381650" elapsed="10.007725"/>
</kw>
<status status="PASS" start="2025-04-29T11:48:01.380649" elapsed="10.008726"/>
</kw>
<kw name="Click Element" owner="SeleniumLibrary">
<msg time="2025-04-29T11:48:11.389375" level="INFO">Clicking element 'xpath=//*[contains(@aria-label, "leave_request_select_approve")][1]'.</msg>
<arg>${select_approver}</arg>
<doc>Click the element identified by ``locator``.</doc>
<status status="PASS" start="2025-04-29T11:48:11.389375" elapsed="0.115104"/>
</kw>
<kw name="Scroll to load element in dropdown" owner="action_keyword">
<for flavor="IN RANGE">
<iter>
<for flavor="IN RANGE">
<iter>
<kw name="Press Keys" owner="SeleniumLibrary">
<msg time="2025-04-29T11:48:11.506481" level="INFO">Sending key(s) ('PAGE_DOWN',) to page.</msg>
<msg time="2025-04-29T11:48:11.506481" level="INFO">Pressing special key PAGE_DOWN to browser.</msg>
<msg time="2025-04-29T11:48:11.506481" level="INFO">Releasing special key PAGE_DOWN.</msg>
<arg>NONE</arg>
<arg>PAGE_DOWN</arg>
<doc>Simulates the user pressing key(s) to an element or on the active browser.</doc>
<status status="PASS" start="2025-04-29T11:48:11.506481" elapsed="0.015014"/>
</kw>
<kw name="Sleep" owner="BuiltIn">
<msg time="2025-04-29T11:48:12.529474" level="INFO">Slept 1 second.</msg>
<arg>1s</arg>
<doc>Pauses the test executed for the given time.</doc>
<status status="PASS" start="2025-04-29T11:48:11.521495" elapsed="1.007979"/>
</kw>
<var name="${i}">0</var>
<status status="PASS" start="2025-04-29T11:48:11.505480" elapsed="1.023994"/>
</iter>
<iter>
<kw name="Press Keys" owner="SeleniumLibrary">
<msg time="2025-04-29T11:48:12.530475" level="INFO">Sending key(s) ('PAGE_DOWN',) to page.</msg>
<msg time="2025-04-29T11:48:12.530475" level="INFO">Pressing special key PAGE_DOWN to browser.</msg>
<msg time="2025-04-29T11:48:12.530475" level="INFO">Releasing special key PAGE_DOWN.</msg>
<arg>NONE</arg>
<arg>PAGE_DOWN</arg>
<doc>Simulates the user pressing key(s) to an element or on the active browser.</doc>
<status status="PASS" start="2025-04-29T11:48:12.529474" elapsed="0.005005"/>
</kw>
<kw name="Sleep" owner="BuiltIn">
<msg time="2025-04-29T11:48:13.538690" level="INFO">Slept 1 second.</msg>
<arg>1s</arg>
<doc>Pauses the test executed for the given time.</doc>
<status status="PASS" start="2025-04-29T11:48:12.534479" elapsed="1.004211"/>
</kw>
<var name="${i}">1</var>
<status status="PASS" start="2025-04-29T11:48:12.529474" elapsed="1.009216"/>
</iter>
<iter>
<kw name="Press Keys" owner="SeleniumLibrary">
<msg time="2025-04-29T11:48:13.538690" level="INFO">Sending key(s) ('PAGE_DOWN',) to page.</msg>
<msg time="2025-04-29T11:48:13.539691" level="INFO">Pressing special key PAGE_DOWN to browser.</msg>
<msg time="2025-04-29T11:48:13.539691" level="INFO">Releasing special key PAGE_DOWN.</msg>
<arg>NONE</arg>
<arg>PAGE_DOWN</arg>
<doc>Simulates the user pressing key(s) to an element or on the active browser.</doc>
<status status="PASS" start="2025-04-29T11:48:13.538690" elapsed="0.004003"/>
</kw>
<kw name="Sleep" owner="BuiltIn">
<msg time="2025-04-29T11:48:14.552739" level="INFO">Slept 1 second.</msg>
<arg>1s</arg>
<doc>Pauses the test executed for the given time.</doc>
<status status="PASS" start="2025-04-29T11:48:13.542693" elapsed="1.010046"/>
</kw>
<var name="${i}">2</var>
<status status="PASS" start="2025-04-29T11:48:13.538690" elapsed="1.014049"/>
</iter>
<iter>
<kw name="Press Keys" owner="SeleniumLibrary">
<msg time="2025-04-29T11:48:14.553740" level="INFO">Sending key(s) ('PAGE_DOWN',) to page.</msg>
<msg time="2025-04-29T11:48:14.553740" level="INFO">Pressing special key PAGE_DOWN to browser.</msg>
<msg time="2025-04-29T11:48:14.553740" level="INFO">Releasing special key PAGE_DOWN.</msg>
<arg>NONE</arg>
<arg>PAGE_DOWN</arg>
<doc>Simulates the user pressing key(s) to an element or on the active browser.</doc>
<status status="PASS" start="2025-04-29T11:48:14.552739" elapsed="0.005261"/>
</kw>
<kw name="Sleep" owner="BuiltIn">
<msg time="2025-04-29T11:48:15.566524" level="INFO">Slept 1 second.</msg>
<arg>1s</arg>
<doc>Pauses the test executed for the given time.</doc>
<status status="PASS" start="2025-04-29T11:48:14.558000" elapsed="1.008524"/>
</kw>
<var name="${i}">3</var>
<status status="PASS" start="2025-04-29T11:48:14.552739" elapsed="1.013785"/>
</iter>
<iter>
<kw name="Press Keys" owner="SeleniumLibrary">
<msg time="2025-04-29T11:48:15.566524" level="INFO">Sending key(s) ('PAGE_DOWN',) to page.</msg>
<msg time="2025-04-29T11:48:15.566524" level="INFO">Pressing special key PAGE_DOWN to browser.</msg>
<msg time="2025-04-29T11:48:15.567525" level="INFO">Releasing special key PAGE_DOWN.</msg>
<arg>NONE</arg>
<arg>PAGE_DOWN</arg>
<doc>Simulates the user pressing key(s) to an element or on the active browser.</doc>
<status status="PASS" start="2025-04-29T11:48:15.566524" elapsed="0.004004"/>
</kw>
<kw name="Sleep" owner="BuiltIn">
<msg time="2025-04-29T11:48:16.579811" level="INFO">Slept 1 second.</msg>
<arg>1s</arg>
<doc>Pauses the test executed for the given time.</doc>
<status status="PASS" start="2025-04-29T11:48:15.570528" elapsed="1.009283"/>
</kw>
<var name="${i}">4</var>
<status status="PASS" start="2025-04-29T11:48:15.566524" elapsed="1.013287"/>
</iter>
<iter>
<kw name="Press Keys" owner="SeleniumLibrary">
<msg time="2025-04-29T11:48:16.580812" level="INFO">Sending key(s) ('PAGE_DOWN',) to page.</msg>
<msg time="2025-04-29T11:48:16.580812" level="INFO">Pressing special key PAGE_DOWN to browser.</msg>
<msg time="2025-04-29T11:48:16.580812" level="INFO">Releasing special key PAGE_DOWN.</msg>
<arg>NONE</arg>
<arg>PAGE_DOWN</arg>
<doc>Simulates the user pressing key(s) to an element or on the active browser.</doc>
<status status="PASS" start="2025-04-29T11:48:16.580812" elapsed="0.004003"/>
</kw>
<kw name="Sleep" owner="BuiltIn">
<msg time="2025-04-29T11:48:17.596449" level="INFO">Slept 1 second.</msg>
<arg>1s</arg>
<doc>Pauses the test executed for the given time.</doc>
<status status="PASS" start="2025-04-29T11:48:16.584815" elapsed="1.011634"/>
</kw>
<var name="${i}">5</var>
<status status="PASS" start="2025-04-29T11:48:16.579811" elapsed="1.016638"/>
</iter>
<var>${i}</var>
<value>6</value>
<status status="PASS" start="2025-04-29T11:48:11.505480" elapsed="6.090969"/>
</for>
<for flavor="IN RANGE">
<iter>
<kw name="Press Keys" owner="SeleniumLibrary">
<msg time="2025-04-29T11:48:17.597450" level="INFO">Sending key(s) ('PAGE_UP',) to page.</msg>
<msg time="2025-04-29T11:48:17.597450" level="INFO">Pressing special key PAGE_UP to browser.</msg>
<msg time="2025-04-29T11:48:17.597450" level="INFO">Releasing special key PAGE_UP.</msg>
<arg>NONE</arg>
<arg>PAGE_UP</arg>
<doc>Simulates the user pressing key(s) to an element or on the active browser.</doc>
<status status="PASS" start="2025-04-29T11:48:17.596449" elapsed="0.010009"/>
</kw>
<kw name="Sleep" owner="BuiltIn">
<msg time="2025-04-29T11:48:18.619525" level="INFO">Slept 1 second.</msg>
<arg>1s</arg>
<doc>Pauses the test executed for the given time.</doc>
<status status="PASS" start="2025-04-29T11:48:17.606458" elapsed="1.013067"/>
</kw>
<var name="${i}">0</var>
<status status="PASS" start="2025-04-29T11:48:17.596449" elapsed="1.023076"/>
</iter>
<iter>
<kw name="Press Keys" owner="SeleniumLibrary">
<msg time="2025-04-29T11:48:18.619525" level="INFO">Sending key(s) ('PAGE_UP',) to page.</msg>
<msg time="2025-04-29T11:48:18.619525" level="INFO">Pressing special key PAGE_UP to browser.</msg>
<msg time="2025-04-29T11:48:18.620526" level="INFO">Releasing special key PAGE_UP.</msg>
<arg>NONE</arg>
<arg>PAGE_UP</arg>
<doc>Simulates the user pressing key(s) to an element or on the active browser.</doc>
<status status="PASS" start="2025-04-29T11:48:18.619525" elapsed="0.004004"/>
</kw>
<kw name="Sleep" owner="BuiltIn">
<msg time="2025-04-29T11:48:19.634147" level="INFO">Slept 1 second.</msg>
<arg>1s</arg>
<doc>Pauses the test executed for the given time.</doc>
<status status="PASS" start="2025-04-29T11:48:18.624530" elapsed="1.009617"/>
</kw>
<var name="${i}">1</var>
<status status="PASS" start="2025-04-29T11:48:18.619525" elapsed="1.014622"/>
</iter>
<iter>
<kw name="Press Keys" owner="SeleniumLibrary">
<msg time="2025-04-29T11:48:19.635149" level="INFO">Sending key(s) ('PAGE_UP',) to page.</msg>
<msg time="2025-04-29T11:48:19.635149" level="INFO">Pressing special key PAGE_UP to browser.</msg>
<msg time="2025-04-29T11:48:19.635149" level="INFO">Releasing special key PAGE_UP.</msg>
<arg>NONE</arg>
<arg>PAGE_UP</arg>
<doc>Simulates the user pressing key(s) to an element or on the active browser.</doc>
<status status="PASS" start="2025-04-29T11:48:19.634147" elapsed="0.004004"/>
</kw>
<kw name="Sleep" owner="BuiltIn">
<msg time="2025-04-29T11:48:20.644470" level="INFO">Slept 1 second.</msg>
<arg>1s</arg>
<doc>Pauses the test executed for the given time.</doc>
<status status="PASS" start="2025-04-29T11:48:19.638151" elapsed="1.006319"/>
</kw>
<var name="${i}">2</var>
<status status="PASS" start="2025-04-29T11:48:19.634147" elapsed="1.010323"/>
</iter>
<iter>
<kw name="Press Keys" owner="SeleniumLibrary">
<msg time="2025-04-29T11:48:20.644470" level="INFO">Sending key(s) ('PAGE_UP',) to page.</msg>
<msg time="2025-04-29T11:48:20.645471" level="INFO">Pressing special key PAGE_UP to browser.</msg>
<msg time="2025-04-29T11:48:20.645471" level="INFO">Releasing special key PAGE_UP.</msg>
<arg>NONE</arg>
<arg>PAGE_UP</arg>
<doc>Simulates the user pressing key(s) to an element or on the active browser.</doc>
<status status="PASS" start="2025-04-29T11:48:20.644470" elapsed="0.005005"/>
</kw>
<kw name="Sleep" owner="BuiltIn">
<msg time="2025-04-29T11:48:21.664114" level="INFO">Slept 1 second.</msg>
<arg>1s</arg>
<doc>Pauses the test executed for the given time.</doc>
<status status="PASS" start="2025-04-29T11:48:20.650476" elapsed="1.013638"/>
</kw>
<var name="${i}">3</var>
<status status="PASS" start="2025-04-29T11:48:20.644470" elapsed="1.019644"/>
</iter>
<iter>
<kw name="Press Keys" owner="SeleniumLibrary">
<msg time="2025-04-29T11:48:21.665115" level="INFO">Sending key(s) ('PAGE_UP',) to page.</msg>
<msg time="2025-04-29T11:48:21.665115" level="INFO">Pressing special key PAGE_UP to browser.</msg>
<msg time="2025-04-29T11:48:21.665115" level="INFO">Releasing special key PAGE_UP.</msg>
<arg>NONE</arg>
<arg>PAGE_UP</arg>
<doc>Simulates the user pressing key(s) to an element or on the active browser.</doc>
<status status="PASS" start="2025-04-29T11:48:21.664114" elapsed="0.005004"/>
</kw>
<kw name="Sleep" owner="BuiltIn">
<msg time="2025-04-29T11:48:22.674310" level="INFO">Slept 1 second.</msg>
<arg>1s</arg>
<doc>Pauses the test executed for the given time.</doc>
<status status="PASS" start="2025-04-29T11:48:21.670120" elapsed="1.004190"/>
</kw>
<var name="${i}">4</var>
<status status="PASS" start="2025-04-29T11:48:21.664114" elapsed="1.010196"/>
</iter>
<iter>
<kw name="Press Keys" owner="SeleniumLibrary">
<msg time="2025-04-29T11:48:22.674310" level="INFO">Sending key(s) ('PAGE_UP',) to page.</msg>
<msg time="2025-04-29T11:48:22.675311" level="INFO">Pressing special key PAGE_UP to browser.</msg>
<msg time="2025-04-29T11:48:22.675311" level="INFO">Releasing special key PAGE_UP.</msg>
<arg>NONE</arg>
<arg>PAGE_UP</arg>
<doc>Simulates the user pressing key(s) to an element or on the active browser.</doc>
<status status="PASS" start="2025-04-29T11:48:22.674310" elapsed="0.004004"/>
</kw>
<kw name="Sleep" owner="BuiltIn">
<msg time="2025-04-29T11:48:23.688251" level="INFO">Slept 1 second.</msg>
<arg>1s</arg>
<doc>Pauses the test executed for the given time.</doc>
<status status="PASS" start="2025-04-29T11:48:22.679315" elapsed="1.008936"/>
</kw>
<var name="${i}">5</var>
<status status="PASS" start="2025-04-29T11:48:22.674310" elapsed="1.013941"/>
</iter>
<var>${i}</var>
<value>6</value>
<status status="PASS" start="2025-04-29T11:48:17.596449" elapsed="6.091802"/>
</for>
<var name="${cycle}">0</var>
<status status="PASS" start="2025-04-29T11:48:11.505480" elapsed="12.182771"/>
</iter>
<var>${cycle}</var>
<value>1</value>
<status status="PASS" start="2025-04-29T11:48:11.505480" elapsed="12.182771"/>
</for>
<status status="PASS" start="2025-04-29T11:48:11.505480" elapsed="12.182771"/>
</kw>
<kw name="PAGE DOWN" owner="action_keyword">
<for flavor="IN RANGE">
<iter>
<kw name="Press Keys" owner="SeleniumLibrary">
<msg time="2025-04-29T11:48:23.690253" level="INFO">Sending key(s) ('PAGE_DOWN',) to page.</msg>
<msg time="2025-04-29T11:48:23.690253" level="INFO">Pressing special key PAGE_DOWN to browser.</msg>
<msg time="2025-04-29T11:48:23.690253" level="INFO">Releasing special key PAGE_DOWN.</msg>
<arg>NONE</arg>
<arg>PAGE_DOWN</arg>
<doc>Simulates the user pressing key(s) to an element or on the active browser.</doc>
<status status="PASS" start="2025-04-29T11:48:23.689252" elapsed="0.009008"/>
</kw>
<kw name="Sleep" owner="BuiltIn">
<msg time="2025-04-29T11:48:24.206777" level="INFO">Slept 500 milliseconds.</msg>
<arg>0.5s</arg>
<doc>Pauses the test executed for the given time.</doc>
<status status="PASS" start="2025-04-29T11:48:23.699261" elapsed="0.507516"/>
</kw>
<var name="${i}">0</var>
<status status="PASS" start="2025-04-29T11:48:23.689252" elapsed="0.517525"/>
</iter>
<iter>
<kw name="Press Keys" owner="SeleniumLibrary">
<msg time="2025-04-29T11:48:24.206777" level="INFO">Sending key(s) ('PAGE_DOWN',) to page.</msg>
<msg time="2025-04-29T11:48:24.207779" level="INFO">Pressing special key PAGE_DOWN to browser.</msg>
<msg time="2025-04-29T11:48:24.207779" level="INFO">Releasing special key PAGE_DOWN.</msg>
<arg>NONE</arg>
<arg>PAGE_DOWN</arg>
<doc>Simulates the user pressing key(s) to an element or on the active browser.</doc>
<status status="PASS" start="2025-04-29T11:48:24.206777" elapsed="0.005005"/>
</kw>
<kw name="Sleep" owner="BuiltIn">
<msg time="2025-04-29T11:48:24.719489" level="INFO">Slept 500 milliseconds.</msg>
<arg>0.5s</arg>
<doc>Pauses the test executed for the given time.</doc>
<status status="PASS" start="2025-04-29T11:48:24.211782" elapsed="0.507707"/>
</kw>
<var name="${i}">1</var>
<status status="PASS" start="2025-04-29T11:48:24.206777" elapsed="0.512712"/>
</iter>
<iter>
<kw name="Press Keys" owner="SeleniumLibrary">
<msg time="2025-04-29T11:48:24.719489" level="INFO">Sending key(s) ('PAGE_DOWN',) to page.</msg>
<msg time="2025-04-29T11:48:24.719489" level="INFO">Pressing special key PAGE_DOWN to browser.</msg>
<msg time="2025-04-29T11:48:24.720490" level="INFO">Releasing special key PAGE_DOWN.</msg>
<arg>NONE</arg>
<arg>PAGE_DOWN</arg>
<doc>Simulates the user pressing key(s) to an element or on the active browser.</doc>
<status status="PASS" start="2025-04-29T11:48:24.719489" elapsed="0.004003"/>
</kw>
<kw name="Sleep" owner="BuiltIn">
<msg time="2025-04-29T11:48:25.235980" level="INFO">Slept 500 milliseconds.</msg>
<arg>0.5s</arg>
<doc>Pauses the test executed for the given time.</doc>
<status status="PASS" start="2025-04-29T11:48:24.723492" elapsed="0.512488"/>
</kw>
<var name="${i}">2</var>
<status status="PASS" start="2025-04-29T11:48:24.719489" elapsed="0.516491"/>
</iter>
<var>${i}</var>
<value>${times}</value>
<status status="PASS" start="2025-04-29T11:48:23.689252" elapsed="1.546728"/>
</for>
<arg>3</arg>
